This file contains any messages produced by compilers while
running configure, to aid debugging if configure makes a mistake.

It was created by configure, which was
generated by GNU Autoconf 2.59.  Invocation command line was

  $ /Users/mostafa/xv6-public/gdb-6.8/libiberty/configure --cache-file=./config.cache --prefix=/usr/local --disable-werror --program-transform-name=s,^,i386-elf-, --build=i386-apple-darwin19.6.0 --host=i386-apple-darwin19.6.0 --target=i386-elf --srcdir=.././libiberty

## --------- ##
## Platform. ##
## --------- ##

hostname = 192.168.1.10
uname -m = x86_64
uname -r = 19.6.0
uname -s = Darwin
uname -v = Darwin Kernel Version 19.6.0: Mon Aug 31 22:12:52 PDT 2020; root:xnu-6153.141.2~1/RELEASE_X86_64

/usr/bin/uname -p = i386
/bin/uname -X     = unknown

/bin/arch              = unknown
/usr/bin/arch -k       = unknown
/usr/convex/getsysinfo = unknown
hostinfo               = Mach kernel version:
	 Darwin Kernel Version 19.6.0: Mon Aug 31 22:12:52 PDT 2020; root:xnu-6153.141.2~1/RELEASE_X86_64
Kernel configured for up to 4 processors.
2 processors are physically available.
4 processors are logically available.
Processor type: x86_64h (Intel x86-64h Haswell)
Processors active: 0 1 2 3
Primary memory available: 4.00 gigabytes
Default processor set: 336 tasks, 1175 threads, 4 processors
Load average: 6.57, Mach factor: 0.69
/bin/machine           = unknown
/usr/bin/oslevel       = unknown
/bin/universe          = unknown

PATH: /opt/local/bin
PATH: /opt/local/sbin
PATH: /Library/Frameworks/Python.framework/Versions/3.7/bin
PATH: /usr/local/bin
PATH: /usr/bin
PATH: /bin
PATH: /usr/sbin
PATH: /sbin
PATH: /opt/X11/bin
PATH: /Library/Apple/usr/bin


## ----------- ##
## Core tests. ##
## ----------- ##

configure:1228: creating cache ./config.cache
configure:1385: checking whether to enable maintainer-specific portions of Makefiles
configure:1395: result: no
configure:1410: checking for makeinfo
configure:1436: result: makeinfo --split-size=5000000
configure:1475: checking for perl
configure:1491: found /usr/bin/perl
configure:1501: result: perl
configure:1521: checking build system type
configure:1539: result: i386-apple-darwin19.6.0
configure:1547: checking host system type
configure:1561: result: i386-apple-darwin19.6.0
configure:1574: checking for i386-apple-darwin19.6.0-ar
configure:1600: result: ar
configure:1653: checking for i386-apple-darwin19.6.0-ranlib
configure:1679: result: ranlib
configure:1763: checking for i386-apple-darwin19.6.0-gcc
configure:1789: result: gcc
configure:2071: checking for C compiler version
configure:2074: gcc --version </dev/null >&5
Configured with: --prefix=/Library/Developer/CommandLineTools/usr --with-gxx-include-dir=/Library/Developer/CommandLineTools/SDKs/MacOSX.sdk/usr/include/c++/4.2.1
Apple clang version 11.0.3 (clang-1103.0.32.62)
Target: x86_64-apple-darwin19.6.0
Thread model: posix
InstalledDir: /Library/Developer/CommandLineTools/usr/bin
configure:2077: $? = 0
configure:2079: gcc -v </dev/null >&5
Configured with: --prefix=/Library/Developer/CommandLineTools/usr --with-gxx-include-dir=/Library/Developer/CommandLineTools/SDKs/MacOSX.sdk/usr/include/c++/4.2.1
Apple clang version 11.0.3 (clang-1103.0.32.62)
Target: x86_64-apple-darwin19.6.0
Thread model: posix
InstalledDir: /Library/Developer/CommandLineTools/usr/bin
configure:2082: $? = 0
configure:2084: gcc -V </dev/null >&5
clang: error: unsupported option '-V -Wno-objc-signed-char-bool-implicit-int-conversion'
clang: error: no input files
configure:2087: $? = 1
configure:2106: gcc -o conftest -g -O2   conftest.c  >&5
configure:2109: $? = 0
configure:2143: checking for C compiler default output file name
configure:2146: gcc -g -O2   conftest.c  >&5
configure:2149: $? = 0
configure:2195: result: a.out
configure:2200: checking whether the C compiler works
configure:2206: ./a.out
configure:2209: $? = 0
configure:2226: result: yes
configure:2233: checking whether we are cross compiling
configure:2235: result: no
configure:2238: checking for suffix of executables
configure:2240: gcc -o conftest -g -O2   conftest.c  >&5
configure:2243: $? = 0
configure:2268: result: 
configure:2275: checking for suffix of object files
configure:2296: gcc -c -g -O2  conftest.c >&5
configure:2299: $? = 0
configure:2321: result: o
configure:2325: checking whether we are using the GNU C compiler
configure:2349: gcc -c -g -O2  conftest.c >&5
configure:2355: $? = 0
configure:2359: test -z 
			 || test ! -s conftest.err
configure:2362: $? = 0
configure:2365: test -s conftest.o
configure:2368: $? = 0
configure:2381: result: yes
configure:2387: checking whether gcc accepts -g
configure:2408: gcc -c -g  conftest.c >&5
configure:2414: $? = 0
configure:2418: test -z 
			 || test ! -s conftest.err
configure:2421: $? = 0
configure:2424: test -s conftest.o
configure:2427: $? = 0
configure:2438: result: yes
configure:2455: checking for gcc option to accept ANSI C
configure:2525: gcc  -c -g -O2  conftest.c >&5
configure:2531: $? = 0
configure:2535: test -z 
			 || test ! -s conftest.err
configure:2538: $? = 0
configure:2541: test -s conftest.o
configure:2544: $? = 0
configure:2562: result: none needed
configure:2580: gcc -c -g -O2  conftest.c >&5
conftest.c:2:3: error: unknown type name 'choke'
  choke me
  ^
conftest.c:2:11: error: expected ';' after top level declarator
  choke me
          ^
          ;
2 errors generated.
configure:2586: $? = 1
configure: failed program was:
| #ifndef __cplusplus
|   choke me
| #endif
configure:2724: checking how to run the C preprocessor
configure:2759: gcc -E  conftest.c
configure:2765: $? = 0
configure:2797: gcc -E  conftest.c
conftest.c:9:10: fatal error: 'ac_nonexistent.h' file not found
#include <ac_nonexistent.h>
         ^~~~~~~~~~~~~~~~~~
1 error generated.
configure:2803: $? = 1
configure: failed program was:
| /* confdefs.h.  */
| 
| #define PACKAGE_NAME ""
| #define PACKAGE_TARNAME ""
| #define PACKAGE_VERSION ""
| #define PACKAGE_STRING ""
| #define PACKAGE_BUGREPORT ""
| /* end confdefs.h.  */
| #include <ac_nonexistent.h>
configure:2842: result: gcc -E
configure:2866: gcc -E  conftest.c
configure:2872: $? = 0
configure:2904: gcc -E  conftest.c
conftest.c:9:10: fatal error: 'ac_nonexistent.h' file not found
#include <ac_nonexistent.h>
         ^~~~~~~~~~~~~~~~~~
1 error generated.
configure:2910: $? = 1
configure: failed program was:
| /* confdefs.h.  */
| 
| #define PACKAGE_NAME ""
| #define PACKAGE_TARNAME ""
| #define PACKAGE_VERSION ""
| #define PACKAGE_STRING ""
| #define PACKAGE_BUGREPORT ""
| /* end confdefs.h.  */
| #include <ac_nonexistent.h>
configure:2963: checking whether gcc supports -W
configure:2985: gcc -c -W  conftest.c >&5
configure:2991: $? = 0
configure:2995: test -z 
			 || test ! -s conftest.err
configure:2998: $? = 0
configure:3001: test -s conftest.o
configure:3004: $? = 0
configure:3016: result: yes
configure:2963: checking whether gcc supports -Wall
configure:2985: gcc -c -Wall  conftest.c >&5
configure:2991: $? = 0
configure:2995: test -z 
			 || test ! -s conftest.err
configure:2998: $? = 0
configure:3001: test -s conftest.o
configure:3004: $? = 0
configure:3016: result: yes
configure:2963: checking whether gcc supports -Wwrite-strings
configure:2985: gcc -c -Wwrite-strings  conftest.c >&5
configure:2991: $? = 0
configure:2995: test -z 
			 || test ! -s conftest.err
configure:2998: $? = 0
configure:3001: test -s conftest.o
configure:3004: $? = 0
configure:3016: result: yes
configure:2963: checking whether gcc supports -Wc++-compat
configure:2985: gcc -c -Wc++-compat  conftest.c >&5
configure:2991: $? = 0
configure:2995: test -z 
			 || test ! -s conftest.err
configure:2998: $? = 0
configure:3001: test -s conftest.o
configure:3004: $? = 0
configure:3016: result: yes
configure:2963: checking whether gcc supports -Wstrict-prototypes
configure:2985: gcc -c -Wstrict-prototypes  conftest.c >&5
configure:2991: $? = 0
configure:2995: test -z 
			 || test ! -s conftest.err
configure:2998: $? = 0
configure:3001: test -s conftest.o
configure:3004: $? = 0
configure:3016: result: yes
configure:3026: checking whether gcc supports -pedantic 
configure:3049: gcc -c -pedantic   conftest.c >&5
configure:3055: $? = 0
configure:3059: test -z 
			 || test ! -s conftest.err
configure:3062: $? = 0
configure:3065: test -s conftest.o
configure:3068: $? = 0
configure:3080: result: yes
configure:3092: checking whether gcc and cc understand -c and -o together
configure:3122: gcc -c conftest.c -o conftest.o >&5
configure:3125: $? = 0
configure:3127: gcc -c conftest.c -o conftest.o >&5
configure:3130: $? = 0
configure:3137: cc -c conftest.c >&5
configure:3140: $? = 0
configure:3143: cc -c conftest.c -o conftest.o >&5
configure:3146: $? = 0
configure:3148: cc -c conftest.c -o conftest.o >&5
configure:3151: $? = 0
configure:3169: result: yes
configure:3190: checking for an ANSI C-conforming const
configure:3257: gcc -c -g -O2  conftest.c >&5
configure:3263: $? = 0
configure:3267: test -z 
			 || test ! -s conftest.err
configure:3270: $? = 0
configure:3273: test -s conftest.o
configure:3276: $? = 0
configure:3287: result: yes
configure:3297: checking for inline
configure:3318: gcc -c -g -O2  conftest.c >&5
configure:3324: $? = 0
configure:3328: test -z 
			 || test ! -s conftest.err
configure:3331: $? = 0
configure:3334: test -s conftest.o
configure:3337: $? = 0
configure:3349: result: inline
configure:3368: checking whether byte ordering is bigendian
configure:3395: gcc -c -g -O2  conftest.c >&5
configure:3401: $? = 0
configure:3405: test -z 
			 || test ! -s conftest.err
configure:3408: $? = 0
configure:3411: test -s conftest.o
configure:3414: $? = 0
configure:3438: gcc -c -g -O2  conftest.c >&5
conftest.c:16:2: error: use of undeclared identifier 'not'
 not big endian
 ^
1 error generated.
configure:3444: $? = 1
configure: failed program was:
| /* confdefs.h.  */
| 
| #define PACKAGE_NAME ""
| #define PACKAGE_TARNAME ""
| #define PACKAGE_VERSION ""
| #define PACKAGE_STRING ""
| #define PACKAGE_BUGREPORT ""
| /* end confdefs.h.  */
| #include <sys/types.h>
| #include <sys/param.h>
| 
| int
| main ()
| {
| #if BYTE_ORDER != BIG_ENDIAN
|  not big endian
| #endif
| 
|   ;
|   return 0;
| }
configure:3579: result: no
configure:3618: checking for a BSD-compatible install
configure:3673: result: /usr/bin/install -c
configure:3788: checking for sys/file.h
configure:3801: gcc -E  conftest.c
configure:3807: $? = 0
configure:3828: result: yes
configure:3788: checking for sys/param.h
configure:3801: gcc -E  conftest.c
configure:3807: $? = 0
configure:3828: result: yes
configure:3788: checking for limits.h
configure:3801: gcc -E  conftest.c
configure:3807: $? = 0
configure:3828: result: yes
configure:3788: checking for stdlib.h
configure:3801: gcc -E  conftest.c
configure:3807: $? = 0
configure:3828: result: yes
configure:3788: checking for malloc.h
configure:3801: gcc -E  conftest.c
conftest.c:13:10: fatal error: 'malloc.h' file not found
#include <malloc.h>
         ^~~~~~~~~~
1 error generated.
configure:3807: $? = 1
configure: failed program was:
| /* confdefs.h.  */
| 
| #define PACKAGE_NAME ""
| #define PACKAGE_TARNAME ""
| #define PACKAGE_VERSION ""
| #define PACKAGE_STRING ""
| #define PACKAGE_BUGREPORT ""
| #define HAVE_SYS_FILE_H 1
| #define HAVE_SYS_PARAM_H 1
| #define HAVE_LIMITS_H 1
| #define HAVE_STDLIB_H 1
| /* end confdefs.h.  */
| #include <malloc.h>
configure:3828: result: no
configure:3788: checking for string.h
configure:3801: gcc -E  conftest.c
configure:3807: $? = 0
configure:3828: result: yes
configure:3788: checking for unistd.h
configure:3801: gcc -E  conftest.c
configure:3807: $? = 0
configure:3828: result: yes
configure:3788: checking for strings.h
configure:3801: gcc -E  conftest.c
configure:3807: $? = 0
configure:3828: result: yes
configure:3788: checking for sys/time.h
configure:3801: gcc -E  conftest.c
configure:3807: $? = 0
configure:3828: result: yes
configure:3788: checking for time.h
configure:3801: gcc -E  conftest.c
configure:3807: $? = 0
configure:3828: result: yes
configure:3788: checking for sys/resource.h
configure:3801: gcc -E  conftest.c
configure:3807: $? = 0
configure:3828: result: yes
configure:3788: checking for sys/stat.h
configure:3801: gcc -E  conftest.c
configure:3807: $? = 0
configure:3828: result: yes
configure:3788: checking for sys/mman.h
configure:3801: gcc -E  conftest.c
configure:3807: $? = 0
configure:3828: result: yes
configure:3788: checking for fcntl.h
configure:3801: gcc -E  conftest.c
configure:3807: $? = 0
configure:3828: result: yes
configure:3788: checking for alloca.h
configure:3801: gcc -E  conftest.c
configure:3807: $? = 0
configure:3828: result: yes
configure:3788: checking for sys/pstat.h
configure:3801: gcc -E  conftest.c
conftest.c:23:10: fatal error: 'sys/pstat.h' file not found
#include <sys/pstat.h>
         ^~~~~~~~~~~~~
1 error generated.
configure:3807: $? = 1
configure: failed program was:
| /* confdefs.h.  */
| 
| #define PACKAGE_NAME ""
| #define PACKAGE_TARNAME ""
| #define PACKAGE_VERSION ""
| #define PACKAGE_STRING ""
| #define PACKAGE_BUGREPORT ""
| #define HAVE_SYS_FILE_H 1
| #define HAVE_SYS_PARAM_H 1
| #define HAVE_LIMITS_H 1
| #define HAVE_STDLIB_H 1
| #define HAVE_STRING_H 1
| #define HAVE_UNISTD_H 1
| #define HAVE_STRINGS_H 1
| #define HAVE_SYS_TIME_H 1
| #define HAVE_TIME_H 1
| #define HAVE_SYS_RESOURCE_H 1
| #define HAVE_SYS_STAT_H 1
| #define HAVE_SYS_MMAN_H 1
| #define HAVE_FCNTL_H 1
| #define HAVE_ALLOCA_H 1
| /* end confdefs.h.  */
| #include <sys/pstat.h>
configure:3828: result: no
configure:3788: checking for sys/sysmp.h
configure:3801: gcc -E  conftest.c
conftest.c:23:10: fatal error: 'sys/sysmp.h' file not found
#include <sys/sysmp.h>
         ^~~~~~~~~~~~~
1 error generated.
configure:3807: $? = 1
configure: failed program was:
| /* confdefs.h.  */
| 
| #define PACKAGE_NAME ""
| #define PACKAGE_TARNAME ""
| #define PACKAGE_VERSION ""
| #define PACKAGE_STRING ""
| #define PACKAGE_BUGREPORT ""
| #define HAVE_SYS_FILE_H 1
| #define HAVE_SYS_PARAM_H 1
| #define HAVE_LIMITS_H 1
| #define HAVE_STDLIB_H 1
| #define HAVE_STRING_H 1
| #define HAVE_UNISTD_H 1
| #define HAVE_STRINGS_H 1
| #define HAVE_SYS_TIME_H 1
| #define HAVE_TIME_H 1
| #define HAVE_SYS_RESOURCE_H 1
| #define HAVE_SYS_STAT_H 1
| #define HAVE_SYS_MMAN_H 1
| #define HAVE_FCNTL_H 1
| #define HAVE_ALLOCA_H 1
| /* end confdefs.h.  */
| #include <sys/sysmp.h>
configure:3828: result: no
configure:3788: checking for sys/sysinfo.h
configure:3801: gcc -E  conftest.c
conftest.c:23:10: fatal error: 'sys/sysinfo.h' file not found
#include <sys/sysinfo.h>
         ^~~~~~~~~~~~~~~
1 error generated.
configure:3807: $? = 1
configure: failed program was:
| /* confdefs.h.  */
| 
| #define PACKAGE_NAME ""
| #define PACKAGE_TARNAME ""
| #define PACKAGE_VERSION ""
| #define PACKAGE_STRING ""
| #define PACKAGE_BUGREPORT ""
| #define HAVE_SYS_FILE_H 1
| #define HAVE_SYS_PARAM_H 1
| #define HAVE_LIMITS_H 1
| #define HAVE_STDLIB_H 1
| #define HAVE_STRING_H 1
| #define HAVE_UNISTD_H 1
| #define HAVE_STRINGS_H 1
| #define HAVE_SYS_TIME_H 1
| #define HAVE_TIME_H 1
| #define HAVE_SYS_RESOURCE_H 1
| #define HAVE_SYS_STAT_H 1
| #define HAVE_SYS_MMAN_H 1
| #define HAVE_FCNTL_H 1
| #define HAVE_ALLOCA_H 1
| /* end confdefs.h.  */
| #include <sys/sysinfo.h>
configure:3828: result: no
configure:3788: checking for machine/hal_sysinfo.h
configure:3801: gcc -E  conftest.c
conftest.c:23:10: fatal error: 'machine/hal_sysinfo.h' file not found
#include <machine/hal_sysinfo.h>
         ^~~~~~~~~~~~~~~~~~~~~~~
1 error generated.
configure:3807: $? = 1
configure: failed program was:
| /* confdefs.h.  */
| 
| #define PACKAGE_NAME ""
| #define PACKAGE_TARNAME ""
| #define PACKAGE_VERSION ""
| #define PACKAGE_STRING ""
| #define PACKAGE_BUGREPORT ""
| #define HAVE_SYS_FILE_H 1
| #define HAVE_SYS_PARAM_H 1
| #define HAVE_LIMITS_H 1
| #define HAVE_STDLIB_H 1
| #define HAVE_STRING_H 1
| #define HAVE_UNISTD_H 1
| #define HAVE_STRINGS_H 1
| #define HAVE_SYS_TIME_H 1
| #define HAVE_TIME_H 1
| #define HAVE_SYS_RESOURCE_H 1
| #define HAVE_SYS_STAT_H 1
| #define HAVE_SYS_MMAN_H 1
| #define HAVE_FCNTL_H 1
| #define HAVE_ALLOCA_H 1
| /* end confdefs.h.  */
| #include <machine/hal_sysinfo.h>
configure:3828: result: no
configure:3788: checking for sys/table.h
configure:3801: gcc -E  conftest.c
conftest.c:23:10: fatal error: 'sys/table.h' file not found
#include <sys/table.h>
         ^~~~~~~~~~~~~
1 error generated.
configure:3807: $? = 1
configure: failed program was:
| /* confdefs.h.  */
| 
| #define PACKAGE_NAME ""
| #define PACKAGE_TARNAME ""
| #define PACKAGE_VERSION ""
| #define PACKAGE_STRING ""
| #define PACKAGE_BUGREPORT ""
| #define HAVE_SYS_FILE_H 1
| #define HAVE_SYS_PARAM_H 1
| #define HAVE_LIMITS_H 1
| #define HAVE_STDLIB_H 1
| #define HAVE_STRING_H 1
| #define HAVE_UNISTD_H 1
| #define HAVE_STRINGS_H 1
| #define HAVE_SYS_TIME_H 1
| #define HAVE_TIME_H 1
| #define HAVE_SYS_RESOURCE_H 1
| #define HAVE_SYS_STAT_H 1
| #define HAVE_SYS_MMAN_H 1
| #define HAVE_FCNTL_H 1
| #define HAVE_ALLOCA_H 1
| /* end confdefs.h.  */
| #include <sys/table.h>
configure:3828: result: no
configure:3788: checking for sys/sysctl.h
configure:3801: gcc -E  conftest.c
configure:3807: $? = 0
configure:3828: result: yes
configure:3788: checking for sys/systemcfg.h
configure:3801: gcc -E  conftest.c
conftest.c:24:10: fatal error: 'sys/systemcfg.h' file not found
#include <sys/systemcfg.h>
         ^~~~~~~~~~~~~~~~~
1 error generated.
configure:3807: $? = 1
configure: failed program was:
| /* confdefs.h.  */
| 
| #define PACKAGE_NAME ""
| #define PACKAGE_TARNAME ""
| #define PACKAGE_VERSION ""
| #define PACKAGE_STRING ""
| #define PACKAGE_BUGREPORT ""
| #define HAVE_SYS_FILE_H 1
| #define HAVE_SYS_PARAM_H 1
| #define HAVE_LIMITS_H 1
| #define HAVE_STDLIB_H 1
| #define HAVE_STRING_H 1
| #define HAVE_UNISTD_H 1
| #define HAVE_STRINGS_H 1
| #define HAVE_SYS_TIME_H 1
| #define HAVE_TIME_H 1
| #define HAVE_SYS_RESOURCE_H 1
| #define HAVE_SYS_STAT_H 1
| #define HAVE_SYS_MMAN_H 1
| #define HAVE_FCNTL_H 1
| #define HAVE_ALLOCA_H 1
| #define HAVE_SYS_SYSCTL_H 1
| /* end confdefs.h.  */
| #include <sys/systemcfg.h>
configure:3828: result: no
configure:3788: checking for stdint.h
configure:3801: gcc -E  conftest.c
configure:3807: $? = 0
configure:3828: result: yes
configure:3788: checking for stdio_ext.h
configure:3801: gcc -E  conftest.c
conftest.c:25:10: fatal error: 'stdio_ext.h' file not found
#include <stdio_ext.h>
         ^~~~~~~~~~~~~
1 error generated.
configure:3807: $? = 1
configure: failed program was:
| /* confdefs.h.  */
| 
| #define PACKAGE_NAME ""
| #define PACKAGE_TARNAME ""
| #define PACKAGE_VERSION ""
| #define PACKAGE_STRING ""
| #define PACKAGE_BUGREPORT ""
| #define HAVE_SYS_FILE_H 1
| #define HAVE_SYS_PARAM_H 1
| #define HAVE_LIMITS_H 1
| #define HAVE_STDLIB_H 1
| #define HAVE_STRING_H 1
| #define HAVE_UNISTD_H 1
| #define HAVE_STRINGS_H 1
| #define HAVE_SYS_TIME_H 1
| #define HAVE_TIME_H 1
| #define HAVE_SYS_RESOURCE_H 1
| #define HAVE_SYS_STAT_H 1
| #define HAVE_SYS_MMAN_H 1
| #define HAVE_FCNTL_H 1
| #define HAVE_ALLOCA_H 1
| #define HAVE_SYS_SYSCTL_H 1
| #define HAVE_STDINT_H 1
| /* end confdefs.h.  */
| #include <stdio_ext.h>
configure:3828: result: no
configure:3838: checking for sys/wait.h that is POSIX.1 compatible
configure:3869: gcc -c -g -O2  conftest.c >&5
configure:3875: $? = 0
configure:3879: test -z 
			 || test ! -s conftest.err
configure:3882: $? = 0
configure:3885: test -s conftest.o
configure:3888: $? = 0
configure:3899: result: yes
configure:3909: checking whether time.h and sys/time.h may both be included
configure:3934: gcc -c -g -O2  conftest.c >&5
configure:3940: $? = 0
configure:3944: test -z 
			 || test ! -s conftest.err
configure:3947: $? = 0
configure:3950: test -s conftest.o
configure:3953: $? = 0
configure:3964: result: yes
configure:3975: checking whether errno must be declared
configure:3996: gcc -c -g -O2  conftest.c >&5
configure:4002: $? = 0
configure:4006: test -z 
			 || test ! -s conftest.err
configure:4009: $? = 0
configure:4012: test -s conftest.o
configure:4015: $? = 0
configure:4026: result: no
configure:4038: checking for egrep
configure:4048: result: grep -E
configure:4053: checking for ANSI C header files
configure:4078: gcc -c -g -O2  conftest.c >&5
configure:4084: $? = 0
configure:4088: test -z 
			 || test ! -s conftest.err
configure:4091: $? = 0
configure:4094: test -s conftest.o
configure:4097: $? = 0
configure:4186: gcc -o conftest -g -O2   conftest.c  >&5
conftest.c:44:7: warning: implicitly declaring library function 'exit' with type 'void (int) __attribute__((noreturn))' [-Wimplicit-function-declaration]
      exit(2);
      ^
conftest.c:44:7: note: include the header <stdlib.h> or explicitly provide a declaration for 'exit'
1 warning generated.
configure:4189: $? = 0
configure:4191: ./conftest
configure:4194: $? = 0
configure:4209: result: yes
configure:4233: checking for sys/types.h
configure:4246: gcc -E  conftest.c
configure:4252: $? = 0
configure:4273: result: yes
configure:4233: checking for sys/stat.h
configure:4273: result: yes
configure:4233: checking for stdlib.h
configure:4273: result: yes
configure:4233: checking for string.h
configure:4273: result: yes
configure:4233: checking for memory.h
configure:4246: gcc -E  conftest.c
configure:4252: $? = 0
configure:4273: result: yes
configure:4233: checking for strings.h
configure:4273: result: yes
configure:4233: checking for inttypes.h
configure:4246: gcc -E  conftest.c
configure:4252: $? = 0
configure:4273: result: yes
configure:4233: checking for stdint.h
configure:4273: result: yes
configure:4233: checking for unistd.h
configure:4273: result: yes
configure:4284: checking for int
configure:4308: gcc -c -g -O2  conftest.c >&5
configure:4314: $? = 0
configure:4318: test -z 
			 || test ! -s conftest.err
configure:4321: $? = 0
configure:4324: test -s conftest.o
configure:4327: $? = 0
configure:4338: result: yes
configure:4341: checking size of int
configure:4660: gcc -o conftest -g -O2   conftest.c  >&5
configure:4663: $? = 0
configure:4665: ./conftest
configure:4668: $? = 0
configure:4691: result: 4
configure:4699: checking for uintptr_t
configure:4723: gcc -c -g -O2  conftest.c >&5
configure:4729: $? = 0
configure:4733: test -z 
			 || test ! -s conftest.err
configure:4736: $? = 0
configure:4739: test -s conftest.o
configure:4742: $? = 0
configure:4753: result: yes
configure:4767: checking for a 64-bit type
configure:4790: gcc -c -g -O2  conftest.c >&5
configure:4796: $? = 0
configure:4800: test -z 
			 || test ! -s conftest.err
configure:4803: $? = 0
configure:4806: test -s conftest.o
configure:4809: $? = 0
configure:4919: result: uint64_t
configure:4938: checking for pid_t
configure:4962: gcc -c -g -O2  conftest.c >&5
configure:4968: $? = 0
configure:4972: test -z 
			 || test ! -s conftest.err
configure:4975: $? = 0
configure:4978: test -s conftest.o
configure:4981: $? = 0
configure:4992: result: yes
configure:6234: checking for library containing strerror
configure:6269: gcc -o conftest -g -O2   conftest.c  >&5
conftest.c:47:6: warning: incompatible redeclaration of library function 'strerror' [-Wincompatible-library-redeclaration]
char strerror ();
     ^
conftest.c:47:6: note: 'strerror' is a builtin with type 'char *(int)'
1 warning generated.
configure:6275: $? = 0
configure:6279: test -z 
			 || test ! -s conftest.err
configure:6282: $? = 0
configure:6285: test -s conftest
configure:6288: $? = 0
configure:6363: result: none required
configure:6374: checking for asprintf
configure:6430: gcc -o conftest -g -O2   conftest.c  >&5
configure:6436: $? = 0
configure:6440: test -z 
			 || test ! -s conftest.err
configure:6443: $? = 0
configure:6446: test -s conftest
configure:6449: $? = 0
configure:6461: result: yes
configure:6374: checking for atexit
configure:6430: gcc -o conftest -g -O2   conftest.c  >&5
configure:6436: $? = 0
configure:6440: test -z 
			 || test ! -s conftest.err
configure:6443: $? = 0
configure:6446: test -s conftest
configure:6449: $? = 0
configure:6461: result: yes
configure:6374: checking for basename
configure:6430: gcc -o conftest -g -O2   conftest.c  >&5
configure:6436: $? = 0
configure:6440: test -z 
			 || test ! -s conftest.err
configure:6443: $? = 0
configure:6446: test -s conftest
configure:6449: $? = 0
configure:6461: result: yes
configure:6374: checking for bcmp
configure:6430: gcc -o conftest -g -O2   conftest.c  >&5
conftest.c:61:6: warning: incompatible redeclaration of library function 'bcmp' [-Wincompatible-library-redeclaration]
char bcmp ();
     ^
conftest.c:61:6: note: 'bcmp' is a builtin with type 'int (const void *, const void *, unsigned long)'
1 warning generated.
configure:6436: $? = 0
configure:6440: test -z 
			 || test ! -s conftest.err
configure:6443: $? = 0
configure:6446: test -s conftest
configure:6449: $? = 0
configure:6461: result: yes
configure:6374: checking for bcopy
configure:6430: gcc -o conftest -g -O2   conftest.c  >&5
configure:6436: $? = 0
configure:6440: test -z 
			 || test ! -s conftest.err
configure:6443: $? = 0
configure:6446: test -s conftest
configure:6449: $? = 0
configure:6461: result: yes
configure:6374: checking for bsearch
configure:6430: gcc -o conftest -g -O2   conftest.c  >&5
configure:6436: $? = 0
configure:6440: test -z 
			 || test ! -s conftest.err
configure:6443: $? = 0
configure:6446: test -s conftest
configure:6449: $? = 0
configure:6461: result: yes
configure:6374: checking for bzero
configure:6430: gcc -o conftest -g -O2   conftest.c  >&5
conftest.c:64:6: warning: incompatible redeclaration of library function 'bzero' [-Wincompatible-library-redeclaration]
char bzero ();
     ^
conftest.c:64:6: note: 'bzero' is a builtin with type 'void (void *, unsigned long)'
1 warning generated.
configure:6436: $? = 0
configure:6440: test -z 
			 || test ! -s conftest.err
configure:6443: $? = 0
configure:6446: test -s conftest
configure:6449: $? = 0
configure:6461: result: yes
configure:6374: checking for calloc
configure:6430: gcc -o conftest -g -O2   conftest.c  >&5
conftest.c:65:6: warning: incompatible redeclaration of library function 'calloc' [-Wincompatible-library-redeclaration]
char calloc ();
     ^
conftest.c:65:6: note: 'calloc' is a builtin with type 'void *(unsigned long, unsigned long)'
1 warning generated.
configure:6436: $? = 0
configure:6440: test -z 
			 || test ! -s conftest.err
configure:6443: $? = 0
configure:6446: test -s conftest
configure:6449: $? = 0
configure:6461: result: yes
configure:6374: checking for clock
configure:6430: gcc -o conftest -g -O2   conftest.c  >&5
configure:6436: $? = 0
configure:6440: test -z 
			 || test ! -s conftest.err
configure:6443: $? = 0
configure:6446: test -s conftest
configure:6449: $? = 0
configure:6461: result: yes
configure:6374: checking for ffs
configure:6430: gcc -o conftest -g -O2   conftest.c  >&5
configure:6436: $? = 0
configure:6440: test -z 
			 || test ! -s conftest.err
configure:6443: $? = 0
configure:6446: test -s conftest
configure:6449: $? = 0
configure:6461: result: yes
configure:6374: checking for getcwd
configure:6430: gcc -o conftest -g -O2   conftest.c  >&5
configure:6436: $? = 0
configure:6440: test -z 
			 || test ! -s conftest.err
configure:6443: $? = 0
configure:6446: test -s conftest
configure:6449: $? = 0
configure:6461: result: yes
configure:6374: checking for getpagesize
configure:6430: gcc -o conftest -g -O2   conftest.c  >&5
configure:6436: $? = 0
configure:6440: test -z 
			 || test ! -s conftest.err
configure:6443: $? = 0
configure:6446: test -s conftest
configure:6449: $? = 0
configure:6461: result: yes
configure:6374: checking for gettimeofday
configure:6430: gcc -o conftest -g -O2   conftest.c  >&5
configure:6436: $? = 0
configure:6440: test -z 
			 || test ! -s conftest.err
configure:6443: $? = 0
configure:6446: test -s conftest
configure:6449: $? = 0
configure:6461: result: yes
configure:6374: checking for index
configure:6430: gcc -o conftest -g -O2   conftest.c  >&5
conftest.c:71:6: warning: incompatible redeclaration of library function 'index' [-Wincompatible-library-redeclaration]
char index ();
     ^
conftest.c:71:6: note: 'index' is a builtin with type 'char *(const char *, int)'
1 warning generated.
configure:6436: $? = 0
configure:6440: test -z 
			 || test ! -s conftest.err
configure:6443: $? = 0
configure:6446: test -s conftest
configure:6449: $? = 0
configure:6461: result: yes
configure:6374: checking for insque
configure:6430: gcc -o conftest -g -O2   conftest.c  >&5
configure:6436: $? = 0
configure:6440: test -z 
			 || test ! -s conftest.err
configure:6443: $? = 0
configure:6446: test -s conftest
configure:6449: $? = 0
configure:6461: result: yes
configure:6374: checking for memchr
configure:6430: gcc -o conftest -g -O2   conftest.c  >&5
conftest.c:73:6: warning: incompatible redeclaration of library function 'memchr' [-Wincompatible-library-redeclaration]
char memchr ();
     ^
conftest.c:73:6: note: 'memchr' is a builtin with type 'void *(const void *, int, unsigned long)'
1 warning generated.
configure:6436: $? = 0
configure:6440: test -z 
			 || test ! -s conftest.err
configure:6443: $? = 0
configure:6446: test -s conftest
configure:6449: $? = 0
configure:6461: result: yes
configure:6374: checking for memcmp
configure:6430: gcc -o conftest -g -O2   conftest.c  >&5
conftest.c:74:6: warning: incompatible redeclaration of library function 'memcmp' [-Wincompatible-library-redeclaration]
char memcmp ();
     ^
conftest.c:74:6: note: 'memcmp' is a builtin with type 'int (const void *, const void *, unsigned long)'
1 warning generated.
configure:6436: $? = 0
configure:6440: test -z 
			 || test ! -s conftest.err
configure:6443: $? = 0
configure:6446: test -s conftest
configure:6449: $? = 0
configure:6461: result: yes
configure:6374: checking for memcpy
configure:6430: gcc -o conftest -g -O2   conftest.c  >&5
conftest.c:75:6: warning: incompatible redeclaration of library function 'memcpy' [-Wincompatible-library-redeclaration]
char memcpy ();
     ^
conftest.c:75:6: note: 'memcpy' is a builtin with type 'void *(void *, const void *, unsigned long)'
1 warning generated.
configure:6436: $? = 0
configure:6440: test -z 
			 || test ! -s conftest.err
configure:6443: $? = 0
configure:6446: test -s conftest
configure:6449: $? = 0
configure:6461: result: yes
configure:6374: checking for memmove
configure:6430: gcc -o conftest -g -O2   conftest.c  >&5
conftest.c:76:6: warning: incompatible redeclaration of library function 'memmove' [-Wincompatible-library-redeclaration]
char memmove ();
     ^
conftest.c:76:6: note: 'memmove' is a builtin with type 'void *(void *, const void *, unsigned long)'
1 warning generated.
configure:6436: $? = 0
configure:6440: test -z 
			 || test ! -s conftest.err
configure:6443: $? = 0
configure:6446: test -s conftest
configure:6449: $? = 0
configure:6461: result: yes
configure:6374: checking for mempcpy
configure:6430: gcc -o conftest -g -O2   conftest.c  >&5
Undefined symbols for architecture x86_64:
  "_mempcpy", referenced from:
      _main in conftest-8807c2.o
      _f in conftest-8807c2.o
ld: symbol(s) not found for architecture x86_64
clang: error: linker command failed with exit code 1 (use -v to see invocation)
configure:6436: $? = 1
configure: failed program was:
| /* confdefs.h.  */
| 
| #define PACKAGE_NAME ""
| #define PACKAGE_TARNAME ""
| #define PACKAGE_VERSION ""
| #define PACKAGE_STRING ""
| #define PACKAGE_BUGREPORT ""
| #define HAVE_SYS_FILE_H 1
| #define HAVE_SYS_PARAM_H 1
| #define HAVE_LIMITS_H 1
| #define HAVE_STDLIB_H 1
| #define HAVE_STRING_H 1
| #define HAVE_UNISTD_H 1
| #define HAVE_STRINGS_H 1
| #define HAVE_SYS_TIME_H 1
| #define HAVE_TIME_H 1
| #define HAVE_SYS_RESOURCE_H 1
| #define HAVE_SYS_STAT_H 1
| #define HAVE_SYS_MMAN_H 1
| #define HAVE_FCNTL_H 1
| #define HAVE_ALLOCA_H 1
| #define HAVE_SYS_SYSCTL_H 1
| #define HAVE_STDINT_H 1
| #define HAVE_SYS_WAIT_H 1
| #define TIME_WITH_SYS_TIME 1
| #define STDC_HEADERS 1
| #define HAVE_SYS_TYPES_H 1
| #define HAVE_SYS_STAT_H 1
| #define HAVE_STDLIB_H 1
| #define HAVE_STRING_H 1
| #define HAVE_MEMORY_H 1
| #define HAVE_STRINGS_H 1
| #define HAVE_INTTYPES_H 1
| #define HAVE_STDINT_H 1
| #define HAVE_UNISTD_H 1
| #define SIZEOF_INT 4
| #define UNSIGNED_64BIT_TYPE uint64_t
| #define HAVE_UINTPTR_T 1
| #define HAVE_ASPRINTF 1
| #define HAVE_ATEXIT 1
| #define HAVE_BASENAME 1
| #define HAVE_BCMP 1
| #define HAVE_BCOPY 1
| #define HAVE_BSEARCH 1
| #define HAVE_BZERO 1
| #define HAVE_CALLOC 1
| #define HAVE_CLOCK 1
| #define HAVE_FFS 1
| #define HAVE_GETCWD 1
| #define HAVE_GETPAGESIZE 1
| #define HAVE_GETTIMEOFDAY 1
| #define HAVE_INDEX 1
| #define HAVE_INSQUE 1
| #define HAVE_MEMCHR 1
| #define HAVE_MEMCMP 1
| #define HAVE_MEMCPY 1
| #define HAVE_MEMMOVE 1
| /* end confdefs.h.  */
| /* System header to define __stub macros and hopefully few prototypes,
|     which can conflict with char mempcpy (); below.
|     Prefer <limits.h> to <assert.h> if __STDC__ is defined, since
|     <limits.h> exists even on freestanding compilers.  Under hpux,
|     including <limits.h> includes <sys/time.h> and causes problems
|     checking for functions defined therein.  */
| #if defined (__STDC__) && !defined (_HPUX_SOURCE)
| # include <limits.h>
| #else
| # include <assert.h>
| #endif
| /* Override any gcc2 internal prototype to avoid an error.  */
| #ifdef __cplusplus
| extern "C"
| {
| #endif
| /* We use char because int might match the return type of a gcc2
|    builtin and then its argument prototype would still apply.  */
| char mempcpy ();
| /* The GNU C library defines this for functions which it implements
|     to always fail with ENOSYS.  Some functions are actually named
|     something starting with __ and the normal name is an alias.  */
| #if defined (__stub_mempcpy) || defined (__stub___mempcpy)
| choke me
| #else
| char (*f) () = mempcpy;
| #endif
| #ifdef __cplusplus
| }
| #endif
| 
| int
| main ()
| {
| return f != mempcpy;
|   ;
|   return 0;
| }
configure:6461: result: no
configure:6374: checking for memset
configure:6430: gcc -o conftest -g -O2   conftest.c  >&5
conftest.c:77:6: warning: incompatible redeclaration of library function 'memset' [-Wincompatible-library-redeclaration]
char memset ();
     ^
conftest.c:77:6: note: 'memset' is a builtin with type 'void *(void *, int, unsigned long)'
1 warning generated.
configure:6436: $? = 0
configure:6440: test -z 
			 || test ! -s conftest.err
configure:6443: $? = 0
configure:6446: test -s conftest
configure:6449: $? = 0
configure:6461: result: yes
configure:6374: checking for mkstemps
configure:6430: gcc -o conftest -g -O2   conftest.c  >&5
configure:6436: $? = 0
configure:6440: test -z 
			 || test ! -s conftest.err
configure:6443: $? = 0
configure:6446: test -s conftest
configure:6449: $? = 0
configure:6461: result: yes
configure:6374: checking for putenv
configure:6430: gcc -o conftest -g -O2   conftest.c  >&5
configure:6436: $? = 0
configure:6440: test -z 
			 || test ! -s conftest.err
configure:6443: $? = 0
configure:6446: test -s conftest
configure:6449: $? = 0
configure:6461: result: yes
configure:6374: checking for random
configure:6430: gcc -o conftest -g -O2   conftest.c  >&5
configure:6436: $? = 0
configure:6440: test -z 
			 || test ! -s conftest.err
configure:6443: $? = 0
configure:6446: test -s conftest
configure:6449: $? = 0
configure:6461: result: yes
configure:6374: checking for rename
configure:6430: gcc -o conftest -g -O2   conftest.c  >&5
configure:6436: $? = 0
configure:6440: test -z 
			 || test ! -s conftest.err
configure:6443: $? = 0
configure:6446: test -s conftest
configure:6449: $? = 0
configure:6461: result: yes
configure:6374: checking for rindex
configure:6430: gcc -o conftest -g -O2   conftest.c  >&5
conftest.c:82:6: warning: incompatible redeclaration of library function 'rindex' [-Wincompatible-library-redeclaration]
char rindex ();
     ^
conftest.c:82:6: note: 'rindex' is a builtin with type 'char *(const char *, int)'
1 warning generated.
configure:6436: $? = 0
configure:6440: test -z 
			 || test ! -s conftest.err
configure:6443: $? = 0
configure:6446: test -s conftest
configure:6449: $? = 0
configure:6461: result: yes
configure:6374: checking for setenv
configure:6430: gcc -o conftest -g -O2   conftest.c  >&5
configure:6436: $? = 0
configure:6440: test -z 
			 || test ! -s conftest.err
configure:6443: $? = 0
configure:6446: test -s conftest
configure:6449: $? = 0
configure:6461: result: yes
configure:6374: checking for snprintf
configure:6430: gcc -o conftest -g -O2   conftest.c  >&5
conftest.c:84:6: warning: incompatible redeclaration of library function 'snprintf' [-Wincompatible-library-redeclaration]
char snprintf ();
     ^
conftest.c:84:6: note: 'snprintf' is a builtin with type 'int (char *, unsigned long, const char *, ...)'
1 warning generated.
configure:6436: $? = 0
configure:6440: test -z 
			 || test ! -s conftest.err
configure:6443: $? = 0
configure:6446: test -s conftest
configure:6449: $? = 0
configure:6461: result: yes
configure:6374: checking for sigsetmask
configure:6430: gcc -o conftest -g -O2   conftest.c  >&5
configure:6436: $? = 0
configure:6440: test -z 
			 || test ! -s conftest.err
configure:6443: $? = 0
configure:6446: test -s conftest
configure:6449: $? = 0
configure:6461: result: yes
configure:6374: checking for stpcpy
configure:6430: gcc -o conftest -g -O2   conftest.c  >&5
conftest.c:86:6: warning: incompatible redeclaration of library function 'stpcpy' [-Wincompatible-library-redeclaration]
char stpcpy ();
     ^
conftest.c:86:6: note: 'stpcpy' is a builtin with type 'char *(char *, const char *)'
1 warning generated.
configure:6436: $? = 0
configure:6440: test -z 
			 || test ! -s conftest.err
configure:6443: $? = 0
configure:6446: test -s conftest
configure:6449: $? = 0
configure:6461: result: yes
configure:6374: checking for stpncpy
configure:6430: gcc -o conftest -g -O2   conftest.c  >&5
conftest.c:87:6: warning: incompatible redeclaration of library function 'stpncpy' [-Wincompatible-library-redeclaration]
char stpncpy ();
     ^
conftest.c:87:6: note: 'stpncpy' is a builtin with type 'char *(char *, const char *, unsigned long)'
1 warning generated.
configure:6436: $? = 0
configure:6440: test -z 
			 || test ! -s conftest.err
configure:6443: $? = 0
configure:6446: test -s conftest
configure:6449: $? = 0
configure:6461: result: yes
configure:6374: checking for strcasecmp
configure:6430: gcc -o conftest -g -O2   conftest.c  >&5
conftest.c:88:6: warning: incompatible redeclaration of library function 'strcasecmp' [-Wincompatible-library-redeclaration]
char strcasecmp ();
     ^
conftest.c:88:6: note: 'strcasecmp' is a builtin with type 'int (const char *, const char *)'
1 warning generated.
configure:6436: $? = 0
configure:6440: test -z 
			 || test ! -s conftest.err
configure:6443: $? = 0
configure:6446: test -s conftest
configure:6449: $? = 0
configure:6461: result: yes
configure:6374: checking for strchr
configure:6430: gcc -o conftest -g -O2   conftest.c  >&5
conftest.c:89:6: warning: incompatible redeclaration of library function 'strchr' [-Wincompatible-library-redeclaration]
char strchr ();
     ^
conftest.c:89:6: note: 'strchr' is a builtin with type 'char *(const char *, int)'
1 warning generated.
configure:6436: $? = 0
configure:6440: test -z 
			 || test ! -s conftest.err
configure:6443: $? = 0
configure:6446: test -s conftest
configure:6449: $? = 0
configure:6461: result: yes
configure:6374: checking for strdup
configure:6430: gcc -o conftest -g -O2   conftest.c  >&5
conftest.c:90:6: warning: incompatible redeclaration of library function 'strdup' [-Wincompatible-library-redeclaration]
char strdup ();
     ^
conftest.c:90:6: note: 'strdup' is a builtin with type 'char *(const char *)'
1 warning generated.
configure:6436: $? = 0
configure:6440: test -z 
			 || test ! -s conftest.err
configure:6443: $? = 0
configure:6446: test -s conftest
configure:6449: $? = 0
configure:6461: result: yes
configure:6374: checking for strncasecmp
configure:6430: gcc -o conftest -g -O2   conftest.c  >&5
conftest.c:91:6: warning: incompatible redeclaration of library function 'strncasecmp' [-Wincompatible-library-redeclaration]
char strncasecmp ();
     ^
conftest.c:91:6: note: 'strncasecmp' is a builtin with type 'int (const char *, const char *, unsigned long)'
1 warning generated.
configure:6436: $? = 0
configure:6440: test -z 
			 || test ! -s conftest.err
configure:6443: $? = 0
configure:6446: test -s conftest
configure:6449: $? = 0
configure:6461: result: yes
configure:6374: checking for strndup
configure:6430: gcc -o conftest -g -O2   conftest.c  >&5
conftest.c:92:6: warning: incompatible redeclaration of library function 'strndup' [-Wincompatible-library-redeclaration]
char strndup ();
     ^
conftest.c:92:6: note: 'strndup' is a builtin with type 'char *(const char *, unsigned long)'
1 warning generated.
configure:6436: $? = 0
configure:6440: test -z 
			 || test ! -s conftest.err
configure:6443: $? = 0
configure:6446: test -s conftest
configure:6449: $? = 0
configure:6461: result: yes
configure:6374: checking for strrchr
configure:6430: gcc -o conftest -g -O2   conftest.c  >&5
conftest.c:93:6: warning: incompatible redeclaration of library function 'strrchr' [-Wincompatible-library-redeclaration]
char strrchr ();
     ^
conftest.c:93:6: note: 'strrchr' is a builtin with type 'char *(const char *, int)'
1 warning generated.
configure:6436: $? = 0
configure:6440: test -z 
			 || test ! -s conftest.err
configure:6443: $? = 0
configure:6446: test -s conftest
configure:6449: $? = 0
configure:6461: result: yes
configure:6374: checking for strstr
configure:6430: gcc -o conftest -g -O2   conftest.c  >&5
conftest.c:94:6: warning: incompatible redeclaration of library function 'strstr' [-Wincompatible-library-redeclaration]
char strstr ();
     ^
conftest.c:94:6: note: 'strstr' is a builtin with type 'char *(const char *, const char *)'
1 warning generated.
configure:6436: $? = 0
configure:6440: test -z 
			 || test ! -s conftest.err
configure:6443: $? = 0
configure:6446: test -s conftest
configure:6449: $? = 0
configure:6461: result: yes
configure:6374: checking for strtod
configure:6430: gcc -o conftest -g -O2   conftest.c  >&5
conftest.c:95:6: warning: incompatible redeclaration of library function 'strtod' [-Wincompatible-library-redeclaration]
char strtod ();
     ^
conftest.c:95:6: note: 'strtod' is a builtin with type 'double (const char *, char **)'
1 warning generated.
configure:6436: $? = 0
configure:6440: test -z 
			 || test ! -s conftest.err
configure:6443: $? = 0
configure:6446: test -s conftest
configure:6449: $? = 0
configure:6461: result: yes
configure:6374: checking for strtol
configure:6430: gcc -o conftest -g -O2   conftest.c  >&5
conftest.c:96:6: warning: incompatible redeclaration of library function 'strtol' [-Wincompatible-library-redeclaration]
char strtol ();
     ^
conftest.c:96:6: note: 'strtol' is a builtin with type 'long (const char *, char **, int)'
1 warning generated.
configure:6436: $? = 0
configure:6440: test -z 
			 || test ! -s conftest.err
configure:6443: $? = 0
configure:6446: test -s conftest
configure:6449: $? = 0
configure:6461: result: yes
configure:6374: checking for strtoul
configure:6430: gcc -o conftest -g -O2   conftest.c  >&5
conftest.c:97:6: warning: incompatible redeclaration of library function 'strtoul' [-Wincompatible-library-redeclaration]
char strtoul ();
     ^
conftest.c:97:6: note: 'strtoul' is a builtin with type 'unsigned long (const char *, char **, int)'
1 warning generated.
configure:6436: $? = 0
configure:6440: test -z 
			 || test ! -s conftest.err
configure:6443: $? = 0
configure:6446: test -s conftest
configure:6449: $? = 0
configure:6461: result: yes
configure:6374: checking for strverscmp
configure:6430: gcc -o conftest -g -O2   conftest.c  >&5
Undefined symbols for architecture x86_64:
  "_strverscmp", referenced from:
      _main in conftest-e6f8ff.o
      _f in conftest-e6f8ff.o
ld: symbol(s) not found for architecture x86_64
clang: error: linker command failed with exit code 1 (use -v to see invocation)
configure:6436: $? = 1
configure: failed program was:
| /* confdefs.h.  */
| 
| #define PACKAGE_NAME ""
| #define PACKAGE_TARNAME ""
| #define PACKAGE_VERSION ""
| #define PACKAGE_STRING ""
| #define PACKAGE_BUGREPORT ""
| #define HAVE_SYS_FILE_H 1
| #define HAVE_SYS_PARAM_H 1
| #define HAVE_LIMITS_H 1
| #define HAVE_STDLIB_H 1
| #define HAVE_STRING_H 1
| #define HAVE_UNISTD_H 1
| #define HAVE_STRINGS_H 1
| #define HAVE_SYS_TIME_H 1
| #define HAVE_TIME_H 1
| #define HAVE_SYS_RESOURCE_H 1
| #define HAVE_SYS_STAT_H 1
| #define HAVE_SYS_MMAN_H 1
| #define HAVE_FCNTL_H 1
| #define HAVE_ALLOCA_H 1
| #define HAVE_SYS_SYSCTL_H 1
| #define HAVE_STDINT_H 1
| #define HAVE_SYS_WAIT_H 1
| #define TIME_WITH_SYS_TIME 1
| #define STDC_HEADERS 1
| #define HAVE_SYS_TYPES_H 1
| #define HAVE_SYS_STAT_H 1
| #define HAVE_STDLIB_H 1
| #define HAVE_STRING_H 1
| #define HAVE_MEMORY_H 1
| #define HAVE_STRINGS_H 1
| #define HAVE_INTTYPES_H 1
| #define HAVE_STDINT_H 1
| #define HAVE_UNISTD_H 1
| #define SIZEOF_INT 4
| #define UNSIGNED_64BIT_TYPE uint64_t
| #define HAVE_UINTPTR_T 1
| #define HAVE_ASPRINTF 1
| #define HAVE_ATEXIT 1
| #define HAVE_BASENAME 1
| #define HAVE_BCMP 1
| #define HAVE_BCOPY 1
| #define HAVE_BSEARCH 1
| #define HAVE_BZERO 1
| #define HAVE_CALLOC 1
| #define HAVE_CLOCK 1
| #define HAVE_FFS 1
| #define HAVE_GETCWD 1
| #define HAVE_GETPAGESIZE 1
| #define HAVE_GETTIMEOFDAY 1
| #define HAVE_INDEX 1
| #define HAVE_INSQUE 1
| #define HAVE_MEMCHR 1
| #define HAVE_MEMCMP 1
| #define HAVE_MEMCPY 1
| #define HAVE_MEMMOVE 1
| #define HAVE_MEMSET 1
| #define HAVE_MKSTEMPS 1
| #define HAVE_PUTENV 1
| #define HAVE_RANDOM 1
| #define HAVE_RENAME 1
| #define HAVE_RINDEX 1
| #define HAVE_SETENV 1
| #define HAVE_SNPRINTF 1
| #define HAVE_SIGSETMASK 1
| #define HAVE_STPCPY 1
| #define HAVE_STPNCPY 1
| #define HAVE_STRCASECMP 1
| #define HAVE_STRCHR 1
| #define HAVE_STRDUP 1
| #define HAVE_STRNCASECMP 1
| #define HAVE_STRNDUP 1
| #define HAVE_STRRCHR 1
| #define HAVE_STRSTR 1
| #define HAVE_STRTOD 1
| #define HAVE_STRTOL 1
| #define HAVE_STRTOUL 1
| /* end confdefs.h.  */
| /* System header to define __stub macros and hopefully few prototypes,
|     which can conflict with char strverscmp (); below.
|     Prefer <limits.h> to <assert.h> if __STDC__ is defined, since
|     <limits.h> exists even on freestanding compilers.  Under hpux,
|     including <limits.h> includes <sys/time.h> and causes problems
|     checking for functions defined therein.  */
| #if defined (__STDC__) && !defined (_HPUX_SOURCE)
| # include <limits.h>
| #else
| # include <assert.h>
| #endif
| /* Override any gcc2 internal prototype to avoid an error.  */
| #ifdef __cplusplus
| extern "C"
| {
| #endif
| /* We use char because int might match the return type of a gcc2
|    builtin and then its argument prototype would still apply.  */
| char strverscmp ();
| /* The GNU C library defines this for functions which it implements
|     to always fail with ENOSYS.  Some functions are actually named
|     something starting with __ and the normal name is an alias.  */
| #if defined (__stub_strverscmp) || defined (__stub___strverscmp)
| choke me
| #else
| char (*f) () = strverscmp;
| #endif
| #ifdef __cplusplus
| }
| #endif
| 
| int
| main ()
| {
| return f != strverscmp;
|   ;
|   return 0;
| }
configure:6461: result: no
configure:6374: checking for tmpnam
configure:6430: gcc -o conftest -g -O2   conftest.c  >&5
configure:6436: $? = 0
configure:6440: test -z 
			 || test ! -s conftest.err
configure:6443: $? = 0
configure:6446: test -s conftest
configure:6449: $? = 0
configure:6461: result: yes
configure:6374: checking for vasprintf
configure:6430: gcc -o conftest -g -O2   conftest.c  >&5
configure:6436: $? = 0
configure:6440: test -z 
			 || test ! -s conftest.err
configure:6443: $? = 0
configure:6446: test -s conftest
configure:6449: $? = 0
configure:6461: result: yes
configure:6374: checking for vfprintf
configure:6430: gcc -o conftest -g -O2   conftest.c  >&5
conftest.c:100:6: warning: declaration of built-in function 'vfprintf' requires inclusion of the header <stdio.h> [-Wbuiltin-requires-header]
char vfprintf ();
     ^
1 warning generated.
configure:6436: $? = 0
configure:6440: test -z 
			 || test ! -s conftest.err
configure:6443: $? = 0
configure:6446: test -s conftest
configure:6449: $? = 0
configure:6461: result: yes
configure:6374: checking for vprintf
configure:6430: gcc -o conftest -g -O2   conftest.c  >&5
conftest.c:101:6: warning: incompatible redeclaration of library function 'vprintf' [-Wincompatible-library-redeclaration]
char vprintf ();
     ^
conftest.c:101:6: note: 'vprintf' is a builtin with type 'int (const char *, struct __va_list_tag *)'
1 warning generated.
configure:6436: $? = 0
configure:6440: test -z 
			 || test ! -s conftest.err
configure:6443: $? = 0
configure:6446: test -s conftest
configure:6449: $? = 0
configure:6461: result: yes
configure:6374: checking for vsnprintf
configure:6430: gcc -o conftest -g -O2   conftest.c  >&5
conftest.c:102:6: warning: incompatible redeclaration of library function 'vsnprintf' [-Wincompatible-library-redeclaration]
char vsnprintf ();
     ^
conftest.c:102:6: note: 'vsnprintf' is a builtin with type 'int (char *, unsigned long, const char *, struct __va_list_tag *)'
1 warning generated.
configure:6436: $? = 0
configure:6440: test -z 
			 || test ! -s conftest.err
configure:6443: $? = 0
configure:6446: test -s conftest
configure:6449: $? = 0
configure:6461: result: yes
configure:6374: checking for vsprintf
configure:6430: gcc -o conftest -g -O2   conftest.c  >&5
conftest.c:103:6: warning: incompatible redeclaration of library function 'vsprintf' [-Wincompatible-library-redeclaration]
char vsprintf ();
     ^
conftest.c:103:6: note: 'vsprintf' is a builtin with type 'int (char *, const char *, struct __va_list_tag *)'
1 warning generated.
configure:6436: $? = 0
configure:6440: test -z 
			 || test ! -s conftest.err
configure:6443: $? = 0
configure:6446: test -s conftest
configure:6449: $? = 0
configure:6461: result: yes
configure:6374: checking for waitpid
configure:6430: gcc -o conftest -g -O2   conftest.c  >&5
configure:6436: $? = 0
configure:6440: test -z 
			 || test ! -s conftest.err
configure:6443: $? = 0
configure:6446: test -s conftest
configure:6449: $? = 0
configure:6461: result: yes
configure:6481: checking whether alloca needs Cray hooks
configure:6508: result: no
configure:6613: checking stack direction for C alloca
configure:6645: gcc -o conftest -g -O2   conftest.c  >&5
conftest.c:87:1: warning: type specifier missing, defaults to 'int' [-Wimplicit-int]
find_stack_direction ()
^
conftest.c:99:1: warning: type specifier missing, defaults to 'int' [-Wimplicit-int]
main ()
^
conftest.c:101:3: warning: implicitly declaring library function 'exit' with type 'void (int) __attribute__((noreturn))' [-Wimplicit-function-declaration]
  exit (find_stack_direction() < 0);
  ^
conftest.c:101:3: note: include the header <stdlib.h> or explicitly provide a declaration for 'exit'
3 warnings generated.
configure:6648: $? = 0
configure:6650: ./conftest
configure:6653: $? = 1
configure: program exited with status 1
configure: failed program was:
| /* confdefs.h.  */
| 
| #define PACKAGE_NAME ""
| #define PACKAGE_TARNAME ""
| #define PACKAGE_VERSION ""
| #define PACKAGE_STRING ""
| #define PACKAGE_BUGREPORT ""
| #define HAVE_SYS_FILE_H 1
| #define HAVE_SYS_PARAM_H 1
| #define HAVE_LIMITS_H 1
| #define HAVE_STDLIB_H 1
| #define HAVE_STRING_H 1
| #define HAVE_UNISTD_H 1
| #define HAVE_STRINGS_H 1
| #define HAVE_SYS_TIME_H 1
| #define HAVE_TIME_H 1
| #define HAVE_SYS_RESOURCE_H 1
| #define HAVE_SYS_STAT_H 1
| #define HAVE_SYS_MMAN_H 1
| #define HAVE_FCNTL_H 1
| #define HAVE_ALLOCA_H 1
| #define HAVE_SYS_SYSCTL_H 1
| #define HAVE_STDINT_H 1
| #define HAVE_SYS_WAIT_H 1
| #define TIME_WITH_SYS_TIME 1
| #define STDC_HEADERS 1
| #define HAVE_SYS_TYPES_H 1
| #define HAVE_SYS_STAT_H 1
| #define HAVE_STDLIB_H 1
| #define HAVE_STRING_H 1
| #define HAVE_MEMORY_H 1
| #define HAVE_STRINGS_H 1
| #define HAVE_INTTYPES_H 1
| #define HAVE_STDINT_H 1
| #define HAVE_UNISTD_H 1
| #define SIZEOF_INT 4
| #define UNSIGNED_64BIT_TYPE uint64_t
| #define HAVE_UINTPTR_T 1
| #define HAVE_ASPRINTF 1
| #define HAVE_ATEXIT 1
| #define HAVE_BASENAME 1
| #define HAVE_BCMP 1
| #define HAVE_BCOPY 1
| #define HAVE_BSEARCH 1
| #define HAVE_BZERO 1
| #define HAVE_CALLOC 1
| #define HAVE_CLOCK 1
| #define HAVE_FFS 1
| #define HAVE_GETCWD 1
| #define HAVE_GETPAGESIZE 1
| #define HAVE_GETTIMEOFDAY 1
| #define HAVE_INDEX 1
| #define HAVE_INSQUE 1
| #define HAVE_MEMCHR 1
| #define HAVE_MEMCMP 1
| #define HAVE_MEMCPY 1
| #define HAVE_MEMMOVE 1
| #define HAVE_MEMSET 1
| #define HAVE_MKSTEMPS 1
| #define HAVE_PUTENV 1
| #define HAVE_RANDOM 1
| #define HAVE_RENAME 1
| #define HAVE_RINDEX 1
| #define HAVE_SETENV 1
| #define HAVE_SNPRINTF 1
| #define HAVE_SIGSETMASK 1
| #define HAVE_STPCPY 1
| #define HAVE_STPNCPY 1
| #define HAVE_STRCASECMP 1
| #define HAVE_STRCHR 1
| #define HAVE_STRDUP 1
| #define HAVE_STRNCASECMP 1
| #define HAVE_STRNDUP 1
| #define HAVE_STRRCHR 1
| #define HAVE_STRSTR 1
| #define HAVE_STRTOD 1
| #define HAVE_STRTOL 1
| #define HAVE_STRTOUL 1
| #define HAVE_TMPNAM 1
| #define HAVE_VASPRINTF 1
| #define HAVE_VFPRINTF 1
| #define HAVE_VPRINTF 1
| #define HAVE_VSNPRINTF 1
| #define HAVE_VSPRINTF 1
| #define HAVE_WAITPID 1
| /* end confdefs.h.  */
| find_stack_direction ()
| {
|   static char *addr = 0;
|   auto char dummy;
|   if (addr == 0)
|     {
|       addr = &dummy;
|       return find_stack_direction ();
|     }
|   else
|     return (&dummy > addr) ? 1 : -1;
| }
| main ()
| {
|   exit (find_stack_direction() < 0);
| }
configure:6667: result: -1
configure:6680: checking for unistd.h
configure:6720: result: yes
configure:6680: checking for vfork.h
configure:6693: gcc -E  conftest.c
conftest.c:89:10: fatal error: 'vfork.h' file not found
#include <vfork.h>
         ^~~~~~~~~
1 error generated.
configure:6699: $? = 1
configure: failed program was:
| /* confdefs.h.  */
| 
| #define PACKAGE_NAME ""
| #define PACKAGE_TARNAME ""
| #define PACKAGE_VERSION ""
| #define PACKAGE_STRING ""
| #define PACKAGE_BUGREPORT ""
| #define HAVE_SYS_FILE_H 1
| #define HAVE_SYS_PARAM_H 1
| #define HAVE_LIMITS_H 1
| #define HAVE_STDLIB_H 1
| #define HAVE_STRING_H 1
| #define HAVE_UNISTD_H 1
| #define HAVE_STRINGS_H 1
| #define HAVE_SYS_TIME_H 1
| #define HAVE_TIME_H 1
| #define HAVE_SYS_RESOURCE_H 1
| #define HAVE_SYS_STAT_H 1
| #define HAVE_SYS_MMAN_H 1
| #define HAVE_FCNTL_H 1
| #define HAVE_ALLOCA_H 1
| #define HAVE_SYS_SYSCTL_H 1
| #define HAVE_STDINT_H 1
| #define HAVE_SYS_WAIT_H 1
| #define TIME_WITH_SYS_TIME 1
| #define STDC_HEADERS 1
| #define HAVE_SYS_TYPES_H 1
| #define HAVE_SYS_STAT_H 1
| #define HAVE_STDLIB_H 1
| #define HAVE_STRING_H 1
| #define HAVE_MEMORY_H 1
| #define HAVE_STRINGS_H 1
| #define HAVE_INTTYPES_H 1
| #define HAVE_STDINT_H 1
| #define HAVE_UNISTD_H 1
| #define SIZEOF_INT 4
| #define UNSIGNED_64BIT_TYPE uint64_t
| #define HAVE_UINTPTR_T 1
| #define HAVE_ASPRINTF 1
| #define HAVE_ATEXIT 1
| #define HAVE_BASENAME 1
| #define HAVE_BCMP 1
| #define HAVE_BCOPY 1
| #define HAVE_BSEARCH 1
| #define HAVE_BZERO 1
| #define HAVE_CALLOC 1
| #define HAVE_CLOCK 1
| #define HAVE_FFS 1
| #define HAVE_GETCWD 1
| #define HAVE_GETPAGESIZE 1
| #define HAVE_GETTIMEOFDAY 1
| #define HAVE_INDEX 1
| #define HAVE_INSQUE 1
| #define HAVE_MEMCHR 1
| #define HAVE_MEMCMP 1
| #define HAVE_MEMCPY 1
| #define HAVE_MEMMOVE 1
| #define HAVE_MEMSET 1
| #define HAVE_MKSTEMPS 1
| #define HAVE_PUTENV 1
| #define HAVE_RANDOM 1
| #define HAVE_RENAME 1
| #define HAVE_RINDEX 1
| #define HAVE_SETENV 1
| #define HAVE_SNPRINTF 1
| #define HAVE_SIGSETMASK 1
| #define HAVE_STPCPY 1
| #define HAVE_STPNCPY 1
| #define HAVE_STRCASECMP 1
| #define HAVE_STRCHR 1
| #define HAVE_STRDUP 1
| #define HAVE_STRNCASECMP 1
| #define HAVE_STRNDUP 1
| #define HAVE_STRRCHR 1
| #define HAVE_STRSTR 1
| #define HAVE_STRTOD 1
| #define HAVE_STRTOL 1
| #define HAVE_STRTOUL 1
| #define HAVE_TMPNAM 1
| #define HAVE_VASPRINTF 1
| #define HAVE_VFPRINTF 1
| #define HAVE_VPRINTF 1
| #define HAVE_VSNPRINTF 1
| #define HAVE_VSPRINTF 1
| #define HAVE_WAITPID 1
| #define STACK_DIRECTION -1
| #define HAVE_UNISTD_H 1
| /* end confdefs.h.  */
| #include <vfork.h>
configure:6720: result: no
configure:6735: checking for fork
configure:6791: gcc -o conftest -g -O2   conftest.c  >&5
configure:6797: $? = 0
configure:6801: test -z 
			 || test ! -s conftest.err
configure:6804: $? = 0
configure:6807: test -s conftest
configure:6810: $? = 0
configure:6822: result: yes
configure:6735: checking for vfork
configure:6791: gcc -o conftest -g -O2   conftest.c  >&5
conftest.c:108:6: warning: incompatible redeclaration of library function 'vfork' [-Wincompatible-library-redeclaration]
char vfork ();
     ^
conftest.c:108:6: note: 'vfork' is a builtin with type 'int (void)'
1 warning generated.
configure:6797: $? = 0
configure:6801: test -z 
			 || test ! -s conftest.err
configure:6804: $? = 0
configure:6807: test -s conftest
configure:6810: $? = 0
configure:6822: result: yes
configure:6833: checking for working fork
configure:6856: gcc -o conftest -g -O2   conftest.c  >&5
conftest.c:9:6: warning: implicit declaration of function 'fork' is invalid in C99 [-Wimplicit-function-declaration]
        if (fork() < 0)
            ^
conftest.c:10:4: warning: implicitly declaring library function 'exit' with type 'void (int) __attribute__((noreturn))' [-Wimplicit-function-declaration]
          exit (1);
          ^
conftest.c:10:4: note: include the header <stdlib.h> or explicitly provide a declaration for 'exit'
2 warnings generated.
configure:6859: $? = 0
configure:6861: ./conftest
configure:6864: $? = 0
configure:6878: result: yes
configure:6899: checking for working vfork
configure:7032: result: yes
configure:7193: checking for _doprnt
configure:7249: gcc -o conftest -g -O2   conftest.c  >&5
Undefined symbols for architecture x86_64:
  "__doprnt", referenced from:
      _main in conftest-88957a.o
      _f in conftest-88957a.o
ld: symbol(s) not found for architecture x86_64
clang: error: linker command failed with exit code 1 (use -v to see invocation)
configure:7255: $? = 1
configure: failed program was:
| /* confdefs.h.  */
| 
| #define PACKAGE_NAME ""
| #define PACKAGE_TARNAME ""
| #define PACKAGE_VERSION ""
| #define PACKAGE_STRING ""
| #define PACKAGE_BUGREPORT ""
| #define HAVE_SYS_FILE_H 1
| #define HAVE_SYS_PARAM_H 1
| #define HAVE_LIMITS_H 1
| #define HAVE_STDLIB_H 1
| #define HAVE_STRING_H 1
| #define HAVE_UNISTD_H 1
| #define HAVE_STRINGS_H 1
| #define HAVE_SYS_TIME_H 1
| #define HAVE_TIME_H 1
| #define HAVE_SYS_RESOURCE_H 1
| #define HAVE_SYS_STAT_H 1
| #define HAVE_SYS_MMAN_H 1
| #define HAVE_FCNTL_H 1
| #define HAVE_ALLOCA_H 1
| #define HAVE_SYS_SYSCTL_H 1
| #define HAVE_STDINT_H 1
| #define HAVE_SYS_WAIT_H 1
| #define TIME_WITH_SYS_TIME 1
| #define STDC_HEADERS 1
| #define HAVE_SYS_TYPES_H 1
| #define HAVE_SYS_STAT_H 1
| #define HAVE_STDLIB_H 1
| #define HAVE_STRING_H 1
| #define HAVE_MEMORY_H 1
| #define HAVE_STRINGS_H 1
| #define HAVE_INTTYPES_H 1
| #define HAVE_STDINT_H 1
| #define HAVE_UNISTD_H 1
| #define SIZEOF_INT 4
| #define UNSIGNED_64BIT_TYPE uint64_t
| #define HAVE_UINTPTR_T 1
| #define HAVE_ASPRINTF 1
| #define HAVE_ATEXIT 1
| #define HAVE_BASENAME 1
| #define HAVE_BCMP 1
| #define HAVE_BCOPY 1
| #define HAVE_BSEARCH 1
| #define HAVE_BZERO 1
| #define HAVE_CALLOC 1
| #define HAVE_CLOCK 1
| #define HAVE_FFS 1
| #define HAVE_GETCWD 1
| #define HAVE_GETPAGESIZE 1
| #define HAVE_GETTIMEOFDAY 1
| #define HAVE_INDEX 1
| #define HAVE_INSQUE 1
| #define HAVE_MEMCHR 1
| #define HAVE_MEMCMP 1
| #define HAVE_MEMCPY 1
| #define HAVE_MEMMOVE 1
| #define HAVE_MEMSET 1
| #define HAVE_MKSTEMPS 1
| #define HAVE_PUTENV 1
| #define HAVE_RANDOM 1
| #define HAVE_RENAME 1
| #define HAVE_RINDEX 1
| #define HAVE_SETENV 1
| #define HAVE_SNPRINTF 1
| #define HAVE_SIGSETMASK 1
| #define HAVE_STPCPY 1
| #define HAVE_STPNCPY 1
| #define HAVE_STRCASECMP 1
| #define HAVE_STRCHR 1
| #define HAVE_STRDUP 1
| #define HAVE_STRNCASECMP 1
| #define HAVE_STRNDUP 1
| #define HAVE_STRRCHR 1
| #define HAVE_STRSTR 1
| #define HAVE_STRTOD 1
| #define HAVE_STRTOL 1
| #define HAVE_STRTOUL 1
| #define HAVE_TMPNAM 1
| #define HAVE_VASPRINTF 1
| #define HAVE_VFPRINTF 1
| #define HAVE_VPRINTF 1
| #define HAVE_VSNPRINTF 1
| #define HAVE_VSPRINTF 1
| #define HAVE_WAITPID 1
| #define STACK_DIRECTION -1
| #define HAVE_UNISTD_H 1
| #define HAVE_FORK 1
| #define HAVE_VFORK 1
| #define HAVE_WORKING_VFORK 1
| #define HAVE_WORKING_FORK 1
| /* end confdefs.h.  */
| /* System header to define __stub macros and hopefully few prototypes,
|     which can conflict with char _doprnt (); below.
|     Prefer <limits.h> to <assert.h> if __STDC__ is defined, since
|     <limits.h> exists even on freestanding compilers.  Under hpux,
|     including <limits.h> includes <sys/time.h> and causes problems
|     checking for functions defined therein.  */
| #if defined (__STDC__) && !defined (_HPUX_SOURCE)
| # include <limits.h>
| #else
| # include <assert.h>
| #endif
| /* Override any gcc2 internal prototype to avoid an error.  */
| #ifdef __cplusplus
| extern "C"
| {
| #endif
| /* We use char because int might match the return type of a gcc2
|    builtin and then its argument prototype would still apply.  */
| char _doprnt ();
| /* The GNU C library defines this for functions which it implements
|     to always fail with ENOSYS.  Some functions are actually named
|     something starting with __ and the normal name is an alias.  */
| #if defined (__stub__doprnt) || defined (__stub____doprnt)
| choke me
| #else
| char (*f) () = _doprnt;
| #endif
| #ifdef __cplusplus
| }
| #endif
| 
| int
| main ()
| {
| return f != _doprnt;
|   ;
|   return 0;
| }
configure:7280: result: no
configure:7293: checking for sys_errlist
configure:7319: gcc -o conftest -g -O2   conftest.c  >&5
configure:7325: $? = 0
configure:7329: test -z 
			 || test ! -s conftest.err
configure:7332: $? = 0
configure:7335: test -s conftest
configure:7338: $? = 0
configure:7352: result: yes
configure:7293: checking for sys_nerr
configure:7319: gcc -o conftest -g -O2   conftest.c  >&5
configure:7325: $? = 0
configure:7329: test -z 
			 || test ! -s conftest.err
configure:7332: $? = 0
configure:7335: test -s conftest
configure:7338: $? = 0
configure:7352: result: yes
configure:7293: checking for sys_siglist
configure:7319: gcc -o conftest -g -O2   conftest.c  >&5
configure:7325: $? = 0
configure:7329: test -z 
			 || test ! -s conftest.err
configure:7332: $? = 0
configure:7335: test -s conftest
configure:7338: $? = 0
configure:7352: result: yes
configure:7367: checking for external symbol _system_configuration
configure:7385: gcc -c -g -O2  conftest.c >&5
conftest.c:96:10: fatal error: 'sys/systemcfg.h' file not found
#include <sys/systemcfg.h>
         ^~~~~~~~~~~~~~~~~
1 error generated.
configure:7391: $? = 1
configure: failed program was:
| /* confdefs.h.  */
| 
| #define PACKAGE_NAME ""
| #define PACKAGE_TARNAME ""
| #define PACKAGE_VERSION ""
| #define PACKAGE_STRING ""
| #define PACKAGE_BUGREPORT ""
| #define HAVE_SYS_FILE_H 1
| #define HAVE_SYS_PARAM_H 1
| #define HAVE_LIMITS_H 1
| #define HAVE_STDLIB_H 1
| #define HAVE_STRING_H 1
| #define HAVE_UNISTD_H 1
| #define HAVE_STRINGS_H 1
| #define HAVE_SYS_TIME_H 1
| #define HAVE_TIME_H 1
| #define HAVE_SYS_RESOURCE_H 1
| #define HAVE_SYS_STAT_H 1
| #define HAVE_SYS_MMAN_H 1
| #define HAVE_FCNTL_H 1
| #define HAVE_ALLOCA_H 1
| #define HAVE_SYS_SYSCTL_H 1
| #define HAVE_STDINT_H 1
| #define HAVE_SYS_WAIT_H 1
| #define TIME_WITH_SYS_TIME 1
| #define STDC_HEADERS 1
| #define HAVE_SYS_TYPES_H 1
| #define HAVE_SYS_STAT_H 1
| #define HAVE_STDLIB_H 1
| #define HAVE_STRING_H 1
| #define HAVE_MEMORY_H 1
| #define HAVE_STRINGS_H 1
| #define HAVE_INTTYPES_H 1
| #define HAVE_STDINT_H 1
| #define HAVE_UNISTD_H 1
| #define SIZEOF_INT 4
| #define UNSIGNED_64BIT_TYPE uint64_t
| #define HAVE_UINTPTR_T 1
| #define HAVE_ASPRINTF 1
| #define HAVE_ATEXIT 1
| #define HAVE_BASENAME 1
| #define HAVE_BCMP 1
| #define HAVE_BCOPY 1
| #define HAVE_BSEARCH 1
| #define HAVE_BZERO 1
| #define HAVE_CALLOC 1
| #define HAVE_CLOCK 1
| #define HAVE_FFS 1
| #define HAVE_GETCWD 1
| #define HAVE_GETPAGESIZE 1
| #define HAVE_GETTIMEOFDAY 1
| #define HAVE_INDEX 1
| #define HAVE_INSQUE 1
| #define HAVE_MEMCHR 1
| #define HAVE_MEMCMP 1
| #define HAVE_MEMCPY 1
| #define HAVE_MEMMOVE 1
| #define HAVE_MEMSET 1
| #define HAVE_MKSTEMPS 1
| #define HAVE_PUTENV 1
| #define HAVE_RANDOM 1
| #define HAVE_RENAME 1
| #define HAVE_RINDEX 1
| #define HAVE_SETENV 1
| #define HAVE_SNPRINTF 1
| #define HAVE_SIGSETMASK 1
| #define HAVE_STPCPY 1
| #define HAVE_STPNCPY 1
| #define HAVE_STRCASECMP 1
| #define HAVE_STRCHR 1
| #define HAVE_STRDUP 1
| #define HAVE_STRNCASECMP 1
| #define HAVE_STRNDUP 1
| #define HAVE_STRRCHR 1
| #define HAVE_STRSTR 1
| #define HAVE_STRTOD 1
| #define HAVE_STRTOL 1
| #define HAVE_STRTOUL 1
| #define HAVE_TMPNAM 1
| #define HAVE_VASPRINTF 1
| #define HAVE_VFPRINTF 1
| #define HAVE_VPRINTF 1
| #define HAVE_VSNPRINTF 1
| #define HAVE_VSPRINTF 1
| #define HAVE_WAITPID 1
| #define STACK_DIRECTION -1
| #define HAVE_UNISTD_H 1
| #define HAVE_FORK 1
| #define HAVE_VFORK 1
| #define HAVE_WORKING_VFORK 1
| #define HAVE_WORKING_FORK 1
| #define HAVE_SYS_ERRLIST 1
| #define HAVE_SYS_NERR 1
| #define HAVE_SYS_SIGLIST 1
| /* end confdefs.h.  */
| #include <sys/systemcfg.h>
| int
| main ()
| {
| double x = _system_configuration.physmem;
|   ;
|   return 0;
| }
configure:7417: result: no
configure:7426: checking for getrusage
configure:7482: gcc -o conftest -g -O2   conftest.c  >&5
configure:7488: $? = 0
configure:7492: test -z 
			 || test ! -s conftest.err
configure:7495: $? = 0
configure:7498: test -s conftest
configure:7501: $? = 0
configure:7513: result: yes
configure:7426: checking for on_exit
configure:7482: gcc -o conftest -g -O2   conftest.c  >&5
Undefined symbols for architecture x86_64:
  "_on_exit", referenced from:
      _main in conftest-5edb37.o
      _f in conftest-5edb37.o
ld: symbol(s) not found for architecture x86_64
clang: error: linker command failed with exit code 1 (use -v to see invocation)
configure:7488: $? = 1
configure: failed program was:
| /* confdefs.h.  */
| 
| #define PACKAGE_NAME ""
| #define PACKAGE_TARNAME ""
| #define PACKAGE_VERSION ""
| #define PACKAGE_STRING ""
| #define PACKAGE_BUGREPORT ""
| #define HAVE_SYS_FILE_H 1
| #define HAVE_SYS_PARAM_H 1
| #define HAVE_LIMITS_H 1
| #define HAVE_STDLIB_H 1
| #define HAVE_STRING_H 1
| #define HAVE_UNISTD_H 1
| #define HAVE_STRINGS_H 1
| #define HAVE_SYS_TIME_H 1
| #define HAVE_TIME_H 1
| #define HAVE_SYS_RESOURCE_H 1
| #define HAVE_SYS_STAT_H 1
| #define HAVE_SYS_MMAN_H 1
| #define HAVE_FCNTL_H 1
| #define HAVE_ALLOCA_H 1
| #define HAVE_SYS_SYSCTL_H 1
| #define HAVE_STDINT_H 1
| #define HAVE_SYS_WAIT_H 1
| #define TIME_WITH_SYS_TIME 1
| #define STDC_HEADERS 1
| #define HAVE_SYS_TYPES_H 1
| #define HAVE_SYS_STAT_H 1
| #define HAVE_STDLIB_H 1
| #define HAVE_STRING_H 1
| #define HAVE_MEMORY_H 1
| #define HAVE_STRINGS_H 1
| #define HAVE_INTTYPES_H 1
| #define HAVE_STDINT_H 1
| #define HAVE_UNISTD_H 1
| #define SIZEOF_INT 4
| #define UNSIGNED_64BIT_TYPE uint64_t
| #define HAVE_UINTPTR_T 1
| #define HAVE_ASPRINTF 1
| #define HAVE_ATEXIT 1
| #define HAVE_BASENAME 1
| #define HAVE_BCMP 1
| #define HAVE_BCOPY 1
| #define HAVE_BSEARCH 1
| #define HAVE_BZERO 1
| #define HAVE_CALLOC 1
| #define HAVE_CLOCK 1
| #define HAVE_FFS 1
| #define HAVE_GETCWD 1
| #define HAVE_GETPAGESIZE 1
| #define HAVE_GETTIMEOFDAY 1
| #define HAVE_INDEX 1
| #define HAVE_INSQUE 1
| #define HAVE_MEMCHR 1
| #define HAVE_MEMCMP 1
| #define HAVE_MEMCPY 1
| #define HAVE_MEMMOVE 1
| #define HAVE_MEMSET 1
| #define HAVE_MKSTEMPS 1
| #define HAVE_PUTENV 1
| #define HAVE_RANDOM 1
| #define HAVE_RENAME 1
| #define HAVE_RINDEX 1
| #define HAVE_SETENV 1
| #define HAVE_SNPRINTF 1
| #define HAVE_SIGSETMASK 1
| #define HAVE_STPCPY 1
| #define HAVE_STPNCPY 1
| #define HAVE_STRCASECMP 1
| #define HAVE_STRCHR 1
| #define HAVE_STRDUP 1
| #define HAVE_STRNCASECMP 1
| #define HAVE_STRNDUP 1
| #define HAVE_STRRCHR 1
| #define HAVE_STRSTR 1
| #define HAVE_STRTOD 1
| #define HAVE_STRTOL 1
| #define HAVE_STRTOUL 1
| #define HAVE_TMPNAM 1
| #define HAVE_VASPRINTF 1
| #define HAVE_VFPRINTF 1
| #define HAVE_VPRINTF 1
| #define HAVE_VSNPRINTF 1
| #define HAVE_VSPRINTF 1
| #define HAVE_WAITPID 1
| #define STACK_DIRECTION -1
| #define HAVE_UNISTD_H 1
| #define HAVE_FORK 1
| #define HAVE_VFORK 1
| #define HAVE_WORKING_VFORK 1
| #define HAVE_WORKING_FORK 1
| #define HAVE_SYS_ERRLIST 1
| #define HAVE_SYS_NERR 1
| #define HAVE_SYS_SIGLIST 1
| #define HAVE_GETRUSAGE 1
| /* end confdefs.h.  */
| /* System header to define __stub macros and hopefully few prototypes,
|     which can conflict with char on_exit (); below.
|     Prefer <limits.h> to <assert.h> if __STDC__ is defined, since
|     <limits.h> exists even on freestanding compilers.  Under hpux,
|     including <limits.h> includes <sys/time.h> and causes problems
|     checking for functions defined therein.  */
| #if defined (__STDC__) && !defined (_HPUX_SOURCE)
| # include <limits.h>
| #else
| # include <assert.h>
| #endif
| /* Override any gcc2 internal prototype to avoid an error.  */
| #ifdef __cplusplus
| extern "C"
| {
| #endif
| /* We use char because int might match the return type of a gcc2
|    builtin and then its argument prototype would still apply.  */
| char on_exit ();
| /* The GNU C library defines this for functions which it implements
|     to always fail with ENOSYS.  Some functions are actually named
|     something starting with __ and the normal name is an alias.  */
| #if defined (__stub_on_exit) || defined (__stub___on_exit)
| choke me
| #else
| char (*f) () = on_exit;
| #endif
| #ifdef __cplusplus
| }
| #endif
| 
| int
| main ()
| {
| return f != on_exit;
|   ;
|   return 0;
| }
configure:7513: result: no
configure:7426: checking for psignal
configure:7482: gcc -o conftest -g -O2   conftest.c  >&5
configure:7488: $? = 0
configure:7492: test -z 
			 || test ! -s conftest.err
configure:7495: $? = 0
configure:7498: test -s conftest
configure:7501: $? = 0
configure:7513: result: yes
configure:7426: checking for strerror
configure:7482: gcc -o conftest -g -O2   conftest.c  >&5
conftest.c:116:6: warning: incompatible redeclaration of library function 'strerror' [-Wincompatible-library-redeclaration]
char strerror ();
     ^
conftest.c:116:6: note: 'strerror' is a builtin with type 'char *(int)'
1 warning generated.
configure:7488: $? = 0
configure:7492: test -z 
			 || test ! -s conftest.err
configure:7495: $? = 0
configure:7498: test -s conftest
configure:7501: $? = 0
configure:7513: result: yes
configure:7426: checking for strsignal
configure:7482: gcc -o conftest -g -O2   conftest.c  >&5
configure:7488: $? = 0
configure:7492: test -z 
			 || test ! -s conftest.err
configure:7495: $? = 0
configure:7498: test -s conftest
configure:7501: $? = 0
configure:7513: result: yes
configure:7426: checking for sysconf
configure:7482: gcc -o conftest -g -O2   conftest.c  >&5
configure:7488: $? = 0
configure:7492: test -z 
			 || test ! -s conftest.err
configure:7495: $? = 0
configure:7498: test -s conftest
configure:7501: $? = 0
configure:7513: result: yes
configure:7426: checking for times
configure:7482: gcc -o conftest -g -O2   conftest.c  >&5
configure:7488: $? = 0
configure:7492: test -z 
			 || test ! -s conftest.err
configure:7495: $? = 0
configure:7498: test -s conftest
configure:7501: $? = 0
configure:7513: result: yes
configure:7426: checking for sbrk
configure:7482: gcc -o conftest -g -O2   conftest.c  >&5
configure:7488: $? = 0
configure:7492: test -z 
			 || test ! -s conftest.err
configure:7495: $? = 0
configure:7498: test -s conftest
configure:7501: $? = 0
configure:7513: result: yes
configure:7426: checking for gettimeofday
configure:7513: result: yes
configure:7426: checking for realpath
configure:7482: gcc -o conftest -g -O2   conftest.c  >&5
configure:7488: $? = 0
configure:7492: test -z 
			 || test ! -s conftest.err
configure:7495: $? = 0
configure:7498: test -s conftest
configure:7501: $? = 0
configure:7513: result: yes
configure:7426: checking for canonicalize_file_name
configure:7482: gcc -o conftest -g -O2   conftest.c  >&5
Undefined symbols for architecture x86_64:
  "_canonicalize_file_name", referenced from:
      _main in conftest-026ffb.o
      _f in conftest-026ffb.o
ld: symbol(s) not found for architecture x86_64
clang: error: linker command failed with exit code 1 (use -v to see invocation)
configure:7488: $? = 1
configure: failed program was:
| /* confdefs.h.  */
| 
| #define PACKAGE_NAME ""
| #define PACKAGE_TARNAME ""
| #define PACKAGE_VERSION ""
| #define PACKAGE_STRING ""
| #define PACKAGE_BUGREPORT ""
| #define HAVE_SYS_FILE_H 1
| #define HAVE_SYS_PARAM_H 1
| #define HAVE_LIMITS_H 1
| #define HAVE_STDLIB_H 1
| #define HAVE_STRING_H 1
| #define HAVE_UNISTD_H 1
| #define HAVE_STRINGS_H 1
| #define HAVE_SYS_TIME_H 1
| #define HAVE_TIME_H 1
| #define HAVE_SYS_RESOURCE_H 1
| #define HAVE_SYS_STAT_H 1
| #define HAVE_SYS_MMAN_H 1
| #define HAVE_FCNTL_H 1
| #define HAVE_ALLOCA_H 1
| #define HAVE_SYS_SYSCTL_H 1
| #define HAVE_STDINT_H 1
| #define HAVE_SYS_WAIT_H 1
| #define TIME_WITH_SYS_TIME 1
| #define STDC_HEADERS 1
| #define HAVE_SYS_TYPES_H 1
| #define HAVE_SYS_STAT_H 1
| #define HAVE_STDLIB_H 1
| #define HAVE_STRING_H 1
| #define HAVE_MEMORY_H 1
| #define HAVE_STRINGS_H 1
| #define HAVE_INTTYPES_H 1
| #define HAVE_STDINT_H 1
| #define HAVE_UNISTD_H 1
| #define SIZEOF_INT 4
| #define UNSIGNED_64BIT_TYPE uint64_t
| #define HAVE_UINTPTR_T 1
| #define HAVE_ASPRINTF 1
| #define HAVE_ATEXIT 1
| #define HAVE_BASENAME 1
| #define HAVE_BCMP 1
| #define HAVE_BCOPY 1
| #define HAVE_BSEARCH 1
| #define HAVE_BZERO 1
| #define HAVE_CALLOC 1
| #define HAVE_CLOCK 1
| #define HAVE_FFS 1
| #define HAVE_GETCWD 1
| #define HAVE_GETPAGESIZE 1
| #define HAVE_GETTIMEOFDAY 1
| #define HAVE_INDEX 1
| #define HAVE_INSQUE 1
| #define HAVE_MEMCHR 1
| #define HAVE_MEMCMP 1
| #define HAVE_MEMCPY 1
| #define HAVE_MEMMOVE 1
| #define HAVE_MEMSET 1
| #define HAVE_MKSTEMPS 1
| #define HAVE_PUTENV 1
| #define HAVE_RANDOM 1
| #define HAVE_RENAME 1
| #define HAVE_RINDEX 1
| #define HAVE_SETENV 1
| #define HAVE_SNPRINTF 1
| #define HAVE_SIGSETMASK 1
| #define HAVE_STPCPY 1
| #define HAVE_STPNCPY 1
| #define HAVE_STRCASECMP 1
| #define HAVE_STRCHR 1
| #define HAVE_STRDUP 1
| #define HAVE_STRNCASECMP 1
| #define HAVE_STRNDUP 1
| #define HAVE_STRRCHR 1
| #define HAVE_STRSTR 1
| #define HAVE_STRTOD 1
| #define HAVE_STRTOL 1
| #define HAVE_STRTOUL 1
| #define HAVE_TMPNAM 1
| #define HAVE_VASPRINTF 1
| #define HAVE_VFPRINTF 1
| #define HAVE_VPRINTF 1
| #define HAVE_VSNPRINTF 1
| #define HAVE_VSPRINTF 1
| #define HAVE_WAITPID 1
| #define STACK_DIRECTION -1
| #define HAVE_UNISTD_H 1
| #define HAVE_FORK 1
| #define HAVE_VFORK 1
| #define HAVE_WORKING_VFORK 1
| #define HAVE_WORKING_FORK 1
| #define HAVE_SYS_ERRLIST 1
| #define HAVE_SYS_NERR 1
| #define HAVE_SYS_SIGLIST 1
| #define HAVE_GETRUSAGE 1
| #define HAVE_PSIGNAL 1
| #define HAVE_STRERROR 1
| #define HAVE_STRSIGNAL 1
| #define HAVE_SYSCONF 1
| #define HAVE_TIMES 1
| #define HAVE_SBRK 1
| #define HAVE_GETTIMEOFDAY 1
| #define HAVE_REALPATH 1
| /* end confdefs.h.  */
| /* System header to define __stub macros and hopefully few prototypes,
|     which can conflict with char canonicalize_file_name (); below.
|     Prefer <limits.h> to <assert.h> if __STDC__ is defined, since
|     <limits.h> exists even on freestanding compilers.  Under hpux,
|     including <limits.h> includes <sys/time.h> and causes problems
|     checking for functions defined therein.  */
| #if defined (__STDC__) && !defined (_HPUX_SOURCE)
| # include <limits.h>
| #else
| # include <assert.h>
| #endif
| /* Override any gcc2 internal prototype to avoid an error.  */
| #ifdef __cplusplus
| extern "C"
| {
| #endif
| /* We use char because int might match the return type of a gcc2
|    builtin and then its argument prototype would still apply.  */
| char canonicalize_file_name ();
| /* The GNU C library defines this for functions which it implements
|     to always fail with ENOSYS.  Some functions are actually named
|     something starting with __ and the normal name is an alias.  */
| #if defined (__stub_canonicalize_file_name) || defined (__stub___canonicalize_file_name)
| choke me
| #else
| char (*f) () = canonicalize_file_name;
| #endif
| #ifdef __cplusplus
| }
| #endif
| 
| int
| main ()
| {
| return f != canonicalize_file_name;
|   ;
|   return 0;
| }
configure:7513: result: no
configure:7426: checking for pstat_getstatic
configure:7482: gcc -o conftest -g -O2   conftest.c  >&5
Undefined symbols for architecture x86_64:
  "_pstat_getstatic", referenced from:
      _main in conftest-97a201.o
      _f in conftest-97a201.o
ld: symbol(s) not found for architecture x86_64
clang: error: linker command failed with exit code 1 (use -v to see invocation)
configure:7488: $? = 1
configure: failed program was:
| /* confdefs.h.  */
| 
| #define PACKAGE_NAME ""
| #define PACKAGE_TARNAME ""
| #define PACKAGE_VERSION ""
| #define PACKAGE_STRING ""
| #define PACKAGE_BUGREPORT ""
| #define HAVE_SYS_FILE_H 1
| #define HAVE_SYS_PARAM_H 1
| #define HAVE_LIMITS_H 1
| #define HAVE_STDLIB_H 1
| #define HAVE_STRING_H 1
| #define HAVE_UNISTD_H 1
| #define HAVE_STRINGS_H 1
| #define HAVE_SYS_TIME_H 1
| #define HAVE_TIME_H 1
| #define HAVE_SYS_RESOURCE_H 1
| #define HAVE_SYS_STAT_H 1
| #define HAVE_SYS_MMAN_H 1
| #define HAVE_FCNTL_H 1
| #define HAVE_ALLOCA_H 1
| #define HAVE_SYS_SYSCTL_H 1
| #define HAVE_STDINT_H 1
| #define HAVE_SYS_WAIT_H 1
| #define TIME_WITH_SYS_TIME 1
| #define STDC_HEADERS 1
| #define HAVE_SYS_TYPES_H 1
| #define HAVE_SYS_STAT_H 1
| #define HAVE_STDLIB_H 1
| #define HAVE_STRING_H 1
| #define HAVE_MEMORY_H 1
| #define HAVE_STRINGS_H 1
| #define HAVE_INTTYPES_H 1
| #define HAVE_STDINT_H 1
| #define HAVE_UNISTD_H 1
| #define SIZEOF_INT 4
| #define UNSIGNED_64BIT_TYPE uint64_t
| #define HAVE_UINTPTR_T 1
| #define HAVE_ASPRINTF 1
| #define HAVE_ATEXIT 1
| #define HAVE_BASENAME 1
| #define HAVE_BCMP 1
| #define HAVE_BCOPY 1
| #define HAVE_BSEARCH 1
| #define HAVE_BZERO 1
| #define HAVE_CALLOC 1
| #define HAVE_CLOCK 1
| #define HAVE_FFS 1
| #define HAVE_GETCWD 1
| #define HAVE_GETPAGESIZE 1
| #define HAVE_GETTIMEOFDAY 1
| #define HAVE_INDEX 1
| #define HAVE_INSQUE 1
| #define HAVE_MEMCHR 1
| #define HAVE_MEMCMP 1
| #define HAVE_MEMCPY 1
| #define HAVE_MEMMOVE 1
| #define HAVE_MEMSET 1
| #define HAVE_MKSTEMPS 1
| #define HAVE_PUTENV 1
| #define HAVE_RANDOM 1
| #define HAVE_RENAME 1
| #define HAVE_RINDEX 1
| #define HAVE_SETENV 1
| #define HAVE_SNPRINTF 1
| #define HAVE_SIGSETMASK 1
| #define HAVE_STPCPY 1
| #define HAVE_STPNCPY 1
| #define HAVE_STRCASECMP 1
| #define HAVE_STRCHR 1
| #define HAVE_STRDUP 1
| #define HAVE_STRNCASECMP 1
| #define HAVE_STRNDUP 1
| #define HAVE_STRRCHR 1
| #define HAVE_STRSTR 1
| #define HAVE_STRTOD 1
| #define HAVE_STRTOL 1
| #define HAVE_STRTOUL 1
| #define HAVE_TMPNAM 1
| #define HAVE_VASPRINTF 1
| #define HAVE_VFPRINTF 1
| #define HAVE_VPRINTF 1
| #define HAVE_VSNPRINTF 1
| #define HAVE_VSPRINTF 1
| #define HAVE_WAITPID 1
| #define STACK_DIRECTION -1
| #define HAVE_UNISTD_H 1
| #define HAVE_FORK 1
| #define HAVE_VFORK 1
| #define HAVE_WORKING_VFORK 1
| #define HAVE_WORKING_FORK 1
| #define HAVE_SYS_ERRLIST 1
| #define HAVE_SYS_NERR 1
| #define HAVE_SYS_SIGLIST 1
| #define HAVE_GETRUSAGE 1
| #define HAVE_PSIGNAL 1
| #define HAVE_STRERROR 1
| #define HAVE_STRSIGNAL 1
| #define HAVE_SYSCONF 1
| #define HAVE_TIMES 1
| #define HAVE_SBRK 1
| #define HAVE_GETTIMEOFDAY 1
| #define HAVE_REALPATH 1
| /* end confdefs.h.  */
| /* System header to define __stub macros and hopefully few prototypes,
|     which can conflict with char pstat_getstatic (); below.
|     Prefer <limits.h> to <assert.h> if __STDC__ is defined, since
|     <limits.h> exists even on freestanding compilers.  Under hpux,
|     including <limits.h> includes <sys/time.h> and causes problems
|     checking for functions defined therein.  */
| #if defined (__STDC__) && !defined (_HPUX_SOURCE)
| # include <limits.h>
| #else
| # include <assert.h>
| #endif
| /* Override any gcc2 internal prototype to avoid an error.  */
| #ifdef __cplusplus
| extern "C"
| {
| #endif
| /* We use char because int might match the return type of a gcc2
|    builtin and then its argument prototype would still apply.  */
| char pstat_getstatic ();
| /* The GNU C library defines this for functions which it implements
|     to always fail with ENOSYS.  Some functions are actually named
|     something starting with __ and the normal name is an alias.  */
| #if defined (__stub_pstat_getstatic) || defined (__stub___pstat_getstatic)
| choke me
| #else
| char (*f) () = pstat_getstatic;
| #endif
| #ifdef __cplusplus
| }
| #endif
| 
| int
| main ()
| {
| return f != pstat_getstatic;
|   ;
|   return 0;
| }
configure:7513: result: no
configure:7426: checking for pstat_getdynamic
configure:7482: gcc -o conftest -g -O2   conftest.c  >&5
Undefined symbols for architecture x86_64:
  "_pstat_getdynamic", referenced from:
      _main in conftest-8ddd7a.o
      _f in conftest-8ddd7a.o
ld: symbol(s) not found for architecture x86_64
clang: error: linker command failed with exit code 1 (use -v to see invocation)
configure:7488: $? = 1
configure: failed program was:
| /* confdefs.h.  */
| 
| #define PACKAGE_NAME ""
| #define PACKAGE_TARNAME ""
| #define PACKAGE_VERSION ""
| #define PACKAGE_STRING ""
| #define PACKAGE_BUGREPORT ""
| #define HAVE_SYS_FILE_H 1
| #define HAVE_SYS_PARAM_H 1
| #define HAVE_LIMITS_H 1
| #define HAVE_STDLIB_H 1
| #define HAVE_STRING_H 1
| #define HAVE_UNISTD_H 1
| #define HAVE_STRINGS_H 1
| #define HAVE_SYS_TIME_H 1
| #define HAVE_TIME_H 1
| #define HAVE_SYS_RESOURCE_H 1
| #define HAVE_SYS_STAT_H 1
| #define HAVE_SYS_MMAN_H 1
| #define HAVE_FCNTL_H 1
| #define HAVE_ALLOCA_H 1
| #define HAVE_SYS_SYSCTL_H 1
| #define HAVE_STDINT_H 1
| #define HAVE_SYS_WAIT_H 1
| #define TIME_WITH_SYS_TIME 1
| #define STDC_HEADERS 1
| #define HAVE_SYS_TYPES_H 1
| #define HAVE_SYS_STAT_H 1
| #define HAVE_STDLIB_H 1
| #define HAVE_STRING_H 1
| #define HAVE_MEMORY_H 1
| #define HAVE_STRINGS_H 1
| #define HAVE_INTTYPES_H 1
| #define HAVE_STDINT_H 1
| #define HAVE_UNISTD_H 1
| #define SIZEOF_INT 4
| #define UNSIGNED_64BIT_TYPE uint64_t
| #define HAVE_UINTPTR_T 1
| #define HAVE_ASPRINTF 1
| #define HAVE_ATEXIT 1
| #define HAVE_BASENAME 1
| #define HAVE_BCMP 1
| #define HAVE_BCOPY 1
| #define HAVE_BSEARCH 1
| #define HAVE_BZERO 1
| #define HAVE_CALLOC 1
| #define HAVE_CLOCK 1
| #define HAVE_FFS 1
| #define HAVE_GETCWD 1
| #define HAVE_GETPAGESIZE 1
| #define HAVE_GETTIMEOFDAY 1
| #define HAVE_INDEX 1
| #define HAVE_INSQUE 1
| #define HAVE_MEMCHR 1
| #define HAVE_MEMCMP 1
| #define HAVE_MEMCPY 1
| #define HAVE_MEMMOVE 1
| #define HAVE_MEMSET 1
| #define HAVE_MKSTEMPS 1
| #define HAVE_PUTENV 1
| #define HAVE_RANDOM 1
| #define HAVE_RENAME 1
| #define HAVE_RINDEX 1
| #define HAVE_SETENV 1
| #define HAVE_SNPRINTF 1
| #define HAVE_SIGSETMASK 1
| #define HAVE_STPCPY 1
| #define HAVE_STPNCPY 1
| #define HAVE_STRCASECMP 1
| #define HAVE_STRCHR 1
| #define HAVE_STRDUP 1
| #define HAVE_STRNCASECMP 1
| #define HAVE_STRNDUP 1
| #define HAVE_STRRCHR 1
| #define HAVE_STRSTR 1
| #define HAVE_STRTOD 1
| #define HAVE_STRTOL 1
| #define HAVE_STRTOUL 1
| #define HAVE_TMPNAM 1
| #define HAVE_VASPRINTF 1
| #define HAVE_VFPRINTF 1
| #define HAVE_VPRINTF 1
| #define HAVE_VSNPRINTF 1
| #define HAVE_VSPRINTF 1
| #define HAVE_WAITPID 1
| #define STACK_DIRECTION -1
| #define HAVE_UNISTD_H 1
| #define HAVE_FORK 1
| #define HAVE_VFORK 1
| #define HAVE_WORKING_VFORK 1
| #define HAVE_WORKING_FORK 1
| #define HAVE_SYS_ERRLIST 1
| #define HAVE_SYS_NERR 1
| #define HAVE_SYS_SIGLIST 1
| #define HAVE_GETRUSAGE 1
| #define HAVE_PSIGNAL 1
| #define HAVE_STRERROR 1
| #define HAVE_STRSIGNAL 1
| #define HAVE_SYSCONF 1
| #define HAVE_TIMES 1
| #define HAVE_SBRK 1
| #define HAVE_GETTIMEOFDAY 1
| #define HAVE_REALPATH 1
| /* end confdefs.h.  */
| /* System header to define __stub macros and hopefully few prototypes,
|     which can conflict with char pstat_getdynamic (); below.
|     Prefer <limits.h> to <assert.h> if __STDC__ is defined, since
|     <limits.h> exists even on freestanding compilers.  Under hpux,
|     including <limits.h> includes <sys/time.h> and causes problems
|     checking for functions defined therein.  */
| #if defined (__STDC__) && !defined (_HPUX_SOURCE)
| # include <limits.h>
| #else
| # include <assert.h>
| #endif
| /* Override any gcc2 internal prototype to avoid an error.  */
| #ifdef __cplusplus
| extern "C"
| {
| #endif
| /* We use char because int might match the return type of a gcc2
|    builtin and then its argument prototype would still apply.  */
| char pstat_getdynamic ();
| /* The GNU C library defines this for functions which it implements
|     to always fail with ENOSYS.  Some functions are actually named
|     something starting with __ and the normal name is an alias.  */
| #if defined (__stub_pstat_getdynamic) || defined (__stub___pstat_getdynamic)
| choke me
| #else
| char (*f) () = pstat_getdynamic;
| #endif
| #ifdef __cplusplus
| }
| #endif
| 
| int
| main ()
| {
| return f != pstat_getdynamic;
|   ;
|   return 0;
| }
configure:7513: result: no
configure:7426: checking for sysmp
configure:7482: gcc -o conftest -g -O2   conftest.c  >&5
Undefined symbols for architecture x86_64:
  "_sysmp", referenced from:
      _main in conftest-07cecd.o
      _f in conftest-07cecd.o
ld: symbol(s) not found for architecture x86_64
clang: error: linker command failed with exit code 1 (use -v to see invocation)
configure:7488: $? = 1
configure: failed program was:
| /* confdefs.h.  */
| 
| #define PACKAGE_NAME ""
| #define PACKAGE_TARNAME ""
| #define PACKAGE_VERSION ""
| #define PACKAGE_STRING ""
| #define PACKAGE_BUGREPORT ""
| #define HAVE_SYS_FILE_H 1
| #define HAVE_SYS_PARAM_H 1
| #define HAVE_LIMITS_H 1
| #define HAVE_STDLIB_H 1
| #define HAVE_STRING_H 1
| #define HAVE_UNISTD_H 1
| #define HAVE_STRINGS_H 1
| #define HAVE_SYS_TIME_H 1
| #define HAVE_TIME_H 1
| #define HAVE_SYS_RESOURCE_H 1
| #define HAVE_SYS_STAT_H 1
| #define HAVE_SYS_MMAN_H 1
| #define HAVE_FCNTL_H 1
| #define HAVE_ALLOCA_H 1
| #define HAVE_SYS_SYSCTL_H 1
| #define HAVE_STDINT_H 1
| #define HAVE_SYS_WAIT_H 1
| #define TIME_WITH_SYS_TIME 1
| #define STDC_HEADERS 1
| #define HAVE_SYS_TYPES_H 1
| #define HAVE_SYS_STAT_H 1
| #define HAVE_STDLIB_H 1
| #define HAVE_STRING_H 1
| #define HAVE_MEMORY_H 1
| #define HAVE_STRINGS_H 1
| #define HAVE_INTTYPES_H 1
| #define HAVE_STDINT_H 1
| #define HAVE_UNISTD_H 1
| #define SIZEOF_INT 4
| #define UNSIGNED_64BIT_TYPE uint64_t
| #define HAVE_UINTPTR_T 1
| #define HAVE_ASPRINTF 1
| #define HAVE_ATEXIT 1
| #define HAVE_BASENAME 1
| #define HAVE_BCMP 1
| #define HAVE_BCOPY 1
| #define HAVE_BSEARCH 1
| #define HAVE_BZERO 1
| #define HAVE_CALLOC 1
| #define HAVE_CLOCK 1
| #define HAVE_FFS 1
| #define HAVE_GETCWD 1
| #define HAVE_GETPAGESIZE 1
| #define HAVE_GETTIMEOFDAY 1
| #define HAVE_INDEX 1
| #define HAVE_INSQUE 1
| #define HAVE_MEMCHR 1
| #define HAVE_MEMCMP 1
| #define HAVE_MEMCPY 1
| #define HAVE_MEMMOVE 1
| #define HAVE_MEMSET 1
| #define HAVE_MKSTEMPS 1
| #define HAVE_PUTENV 1
| #define HAVE_RANDOM 1
| #define HAVE_RENAME 1
| #define HAVE_RINDEX 1
| #define HAVE_SETENV 1
| #define HAVE_SNPRINTF 1
| #define HAVE_SIGSETMASK 1
| #define HAVE_STPCPY 1
| #define HAVE_STPNCPY 1
| #define HAVE_STRCASECMP 1
| #define HAVE_STRCHR 1
| #define HAVE_STRDUP 1
| #define HAVE_STRNCASECMP 1
| #define HAVE_STRNDUP 1
| #define HAVE_STRRCHR 1
| #define HAVE_STRSTR 1
| #define HAVE_STRTOD 1
| #define HAVE_STRTOL 1
| #define HAVE_STRTOUL 1
| #define HAVE_TMPNAM 1
| #define HAVE_VASPRINTF 1
| #define HAVE_VFPRINTF 1
| #define HAVE_VPRINTF 1
| #define HAVE_VSNPRINTF 1
| #define HAVE_VSPRINTF 1
| #define HAVE_WAITPID 1
| #define STACK_DIRECTION -1
| #define HAVE_UNISTD_H 1
| #define HAVE_FORK 1
| #define HAVE_VFORK 1
| #define HAVE_WORKING_VFORK 1
| #define HAVE_WORKING_FORK 1
| #define HAVE_SYS_ERRLIST 1
| #define HAVE_SYS_NERR 1
| #define HAVE_SYS_SIGLIST 1
| #define HAVE_GETRUSAGE 1
| #define HAVE_PSIGNAL 1
| #define HAVE_STRERROR 1
| #define HAVE_STRSIGNAL 1
| #define HAVE_SYSCONF 1
| #define HAVE_TIMES 1
| #define HAVE_SBRK 1
| #define HAVE_GETTIMEOFDAY 1
| #define HAVE_REALPATH 1
| /* end confdefs.h.  */
| /* System header to define __stub macros and hopefully few prototypes,
|     which can conflict with char sysmp (); below.
|     Prefer <limits.h> to <assert.h> if __STDC__ is defined, since
|     <limits.h> exists even on freestanding compilers.  Under hpux,
|     including <limits.h> includes <sys/time.h> and causes problems
|     checking for functions defined therein.  */
| #if defined (__STDC__) && !defined (_HPUX_SOURCE)
| # include <limits.h>
| #else
| # include <assert.h>
| #endif
| /* Override any gcc2 internal prototype to avoid an error.  */
| #ifdef __cplusplus
| extern "C"
| {
| #endif
| /* We use char because int might match the return type of a gcc2
|    builtin and then its argument prototype would still apply.  */
| char sysmp ();
| /* The GNU C library defines this for functions which it implements
|     to always fail with ENOSYS.  Some functions are actually named
|     something starting with __ and the normal name is an alias.  */
| #if defined (__stub_sysmp) || defined (__stub___sysmp)
| choke me
| #else
| char (*f) () = sysmp;
| #endif
| #ifdef __cplusplus
| }
| #endif
| 
| int
| main ()
| {
| return f != sysmp;
|   ;
|   return 0;
| }
configure:7513: result: no
configure:7426: checking for getsysinfo
configure:7482: gcc -o conftest -g -O2   conftest.c  >&5
Undefined symbols for architecture x86_64:
  "_getsysinfo", referenced from:
      _main in conftest-3fdc7c.o
      _f in conftest-3fdc7c.o
ld: symbol(s) not found for architecture x86_64
clang: error: linker command failed with exit code 1 (use -v to see invocation)
configure:7488: $? = 1
configure: failed program was:
| /* confdefs.h.  */
| 
| #define PACKAGE_NAME ""
| #define PACKAGE_TARNAME ""
| #define PACKAGE_VERSION ""
| #define PACKAGE_STRING ""
| #define PACKAGE_BUGREPORT ""
| #define HAVE_SYS_FILE_H 1
| #define HAVE_SYS_PARAM_H 1
| #define HAVE_LIMITS_H 1
| #define HAVE_STDLIB_H 1
| #define HAVE_STRING_H 1
| #define HAVE_UNISTD_H 1
| #define HAVE_STRINGS_H 1
| #define HAVE_SYS_TIME_H 1
| #define HAVE_TIME_H 1
| #define HAVE_SYS_RESOURCE_H 1
| #define HAVE_SYS_STAT_H 1
| #define HAVE_SYS_MMAN_H 1
| #define HAVE_FCNTL_H 1
| #define HAVE_ALLOCA_H 1
| #define HAVE_SYS_SYSCTL_H 1
| #define HAVE_STDINT_H 1
| #define HAVE_SYS_WAIT_H 1
| #define TIME_WITH_SYS_TIME 1
| #define STDC_HEADERS 1
| #define HAVE_SYS_TYPES_H 1
| #define HAVE_SYS_STAT_H 1
| #define HAVE_STDLIB_H 1
| #define HAVE_STRING_H 1
| #define HAVE_MEMORY_H 1
| #define HAVE_STRINGS_H 1
| #define HAVE_INTTYPES_H 1
| #define HAVE_STDINT_H 1
| #define HAVE_UNISTD_H 1
| #define SIZEOF_INT 4
| #define UNSIGNED_64BIT_TYPE uint64_t
| #define HAVE_UINTPTR_T 1
| #define HAVE_ASPRINTF 1
| #define HAVE_ATEXIT 1
| #define HAVE_BASENAME 1
| #define HAVE_BCMP 1
| #define HAVE_BCOPY 1
| #define HAVE_BSEARCH 1
| #define HAVE_BZERO 1
| #define HAVE_CALLOC 1
| #define HAVE_CLOCK 1
| #define HAVE_FFS 1
| #define HAVE_GETCWD 1
| #define HAVE_GETPAGESIZE 1
| #define HAVE_GETTIMEOFDAY 1
| #define HAVE_INDEX 1
| #define HAVE_INSQUE 1
| #define HAVE_MEMCHR 1
| #define HAVE_MEMCMP 1
| #define HAVE_MEMCPY 1
| #define HAVE_MEMMOVE 1
| #define HAVE_MEMSET 1
| #define HAVE_MKSTEMPS 1
| #define HAVE_PUTENV 1
| #define HAVE_RANDOM 1
| #define HAVE_RENAME 1
| #define HAVE_RINDEX 1
| #define HAVE_SETENV 1
| #define HAVE_SNPRINTF 1
| #define HAVE_SIGSETMASK 1
| #define HAVE_STPCPY 1
| #define HAVE_STPNCPY 1
| #define HAVE_STRCASECMP 1
| #define HAVE_STRCHR 1
| #define HAVE_STRDUP 1
| #define HAVE_STRNCASECMP 1
| #define HAVE_STRNDUP 1
| #define HAVE_STRRCHR 1
| #define HAVE_STRSTR 1
| #define HAVE_STRTOD 1
| #define HAVE_STRTOL 1
| #define HAVE_STRTOUL 1
| #define HAVE_TMPNAM 1
| #define HAVE_VASPRINTF 1
| #define HAVE_VFPRINTF 1
| #define HAVE_VPRINTF 1
| #define HAVE_VSNPRINTF 1
| #define HAVE_VSPRINTF 1
| #define HAVE_WAITPID 1
| #define STACK_DIRECTION -1
| #define HAVE_UNISTD_H 1
| #define HAVE_FORK 1
| #define HAVE_VFORK 1
| #define HAVE_WORKING_VFORK 1
| #define HAVE_WORKING_FORK 1
| #define HAVE_SYS_ERRLIST 1
| #define HAVE_SYS_NERR 1
| #define HAVE_SYS_SIGLIST 1
| #define HAVE_GETRUSAGE 1
| #define HAVE_PSIGNAL 1
| #define HAVE_STRERROR 1
| #define HAVE_STRSIGNAL 1
| #define HAVE_SYSCONF 1
| #define HAVE_TIMES 1
| #define HAVE_SBRK 1
| #define HAVE_GETTIMEOFDAY 1
| #define HAVE_REALPATH 1
| /* end confdefs.h.  */
| /* System header to define __stub macros and hopefully few prototypes,
|     which can conflict with char getsysinfo (); below.
|     Prefer <limits.h> to <assert.h> if __STDC__ is defined, since
|     <limits.h> exists even on freestanding compilers.  Under hpux,
|     including <limits.h> includes <sys/time.h> and causes problems
|     checking for functions defined therein.  */
| #if defined (__STDC__) && !defined (_HPUX_SOURCE)
| # include <limits.h>
| #else
| # include <assert.h>
| #endif
| /* Override any gcc2 internal prototype to avoid an error.  */
| #ifdef __cplusplus
| extern "C"
| {
| #endif
| /* We use char because int might match the return type of a gcc2
|    builtin and then its argument prototype would still apply.  */
| char getsysinfo ();
| /* The GNU C library defines this for functions which it implements
|     to always fail with ENOSYS.  Some functions are actually named
|     something starting with __ and the normal name is an alias.  */
| #if defined (__stub_getsysinfo) || defined (__stub___getsysinfo)
| choke me
| #else
| char (*f) () = getsysinfo;
| #endif
| #ifdef __cplusplus
| }
| #endif
| 
| int
| main ()
| {
| return f != getsysinfo;
|   ;
|   return 0;
| }
configure:7513: result: no
configure:7426: checking for table
configure:7482: gcc -o conftest -g -O2   conftest.c  >&5
Undefined symbols for architecture x86_64:
  "_table", referenced from:
      _main in conftest-c772e5.o
      _f in conftest-c772e5.o
ld: symbol(s) not found for architecture x86_64
clang: error: linker command failed with exit code 1 (use -v to see invocation)
configure:7488: $? = 1
configure: failed program was:
| /* confdefs.h.  */
| 
| #define PACKAGE_NAME ""
| #define PACKAGE_TARNAME ""
| #define PACKAGE_VERSION ""
| #define PACKAGE_STRING ""
| #define PACKAGE_BUGREPORT ""
| #define HAVE_SYS_FILE_H 1
| #define HAVE_SYS_PARAM_H 1
| #define HAVE_LIMITS_H 1
| #define HAVE_STDLIB_H 1
| #define HAVE_STRING_H 1
| #define HAVE_UNISTD_H 1
| #define HAVE_STRINGS_H 1
| #define HAVE_SYS_TIME_H 1
| #define HAVE_TIME_H 1
| #define HAVE_SYS_RESOURCE_H 1
| #define HAVE_SYS_STAT_H 1
| #define HAVE_SYS_MMAN_H 1
| #define HAVE_FCNTL_H 1
| #define HAVE_ALLOCA_H 1
| #define HAVE_SYS_SYSCTL_H 1
| #define HAVE_STDINT_H 1
| #define HAVE_SYS_WAIT_H 1
| #define TIME_WITH_SYS_TIME 1
| #define STDC_HEADERS 1
| #define HAVE_SYS_TYPES_H 1
| #define HAVE_SYS_STAT_H 1
| #define HAVE_STDLIB_H 1
| #define HAVE_STRING_H 1
| #define HAVE_MEMORY_H 1
| #define HAVE_STRINGS_H 1
| #define HAVE_INTTYPES_H 1
| #define HAVE_STDINT_H 1
| #define HAVE_UNISTD_H 1
| #define SIZEOF_INT 4
| #define UNSIGNED_64BIT_TYPE uint64_t
| #define HAVE_UINTPTR_T 1
| #define HAVE_ASPRINTF 1
| #define HAVE_ATEXIT 1
| #define HAVE_BASENAME 1
| #define HAVE_BCMP 1
| #define HAVE_BCOPY 1
| #define HAVE_BSEARCH 1
| #define HAVE_BZERO 1
| #define HAVE_CALLOC 1
| #define HAVE_CLOCK 1
| #define HAVE_FFS 1
| #define HAVE_GETCWD 1
| #define HAVE_GETPAGESIZE 1
| #define HAVE_GETTIMEOFDAY 1
| #define HAVE_INDEX 1
| #define HAVE_INSQUE 1
| #define HAVE_MEMCHR 1
| #define HAVE_MEMCMP 1
| #define HAVE_MEMCPY 1
| #define HAVE_MEMMOVE 1
| #define HAVE_MEMSET 1
| #define HAVE_MKSTEMPS 1
| #define HAVE_PUTENV 1
| #define HAVE_RANDOM 1
| #define HAVE_RENAME 1
| #define HAVE_RINDEX 1
| #define HAVE_SETENV 1
| #define HAVE_SNPRINTF 1
| #define HAVE_SIGSETMASK 1
| #define HAVE_STPCPY 1
| #define HAVE_STPNCPY 1
| #define HAVE_STRCASECMP 1
| #define HAVE_STRCHR 1
| #define HAVE_STRDUP 1
| #define HAVE_STRNCASECMP 1
| #define HAVE_STRNDUP 1
| #define HAVE_STRRCHR 1
| #define HAVE_STRSTR 1
| #define HAVE_STRTOD 1
| #define HAVE_STRTOL 1
| #define HAVE_STRTOUL 1
| #define HAVE_TMPNAM 1
| #define HAVE_VASPRINTF 1
| #define HAVE_VFPRINTF 1
| #define HAVE_VPRINTF 1
| #define HAVE_VSNPRINTF 1
| #define HAVE_VSPRINTF 1
| #define HAVE_WAITPID 1
| #define STACK_DIRECTION -1
| #define HAVE_UNISTD_H 1
| #define HAVE_FORK 1
| #define HAVE_VFORK 1
| #define HAVE_WORKING_VFORK 1
| #define HAVE_WORKING_FORK 1
| #define HAVE_SYS_ERRLIST 1
| #define HAVE_SYS_NERR 1
| #define HAVE_SYS_SIGLIST 1
| #define HAVE_GETRUSAGE 1
| #define HAVE_PSIGNAL 1
| #define HAVE_STRERROR 1
| #define HAVE_STRSIGNAL 1
| #define HAVE_SYSCONF 1
| #define HAVE_TIMES 1
| #define HAVE_SBRK 1
| #define HAVE_GETTIMEOFDAY 1
| #define HAVE_REALPATH 1
| /* end confdefs.h.  */
| /* System header to define __stub macros and hopefully few prototypes,
|     which can conflict with char table (); below.
|     Prefer <limits.h> to <assert.h> if __STDC__ is defined, since
|     <limits.h> exists even on freestanding compilers.  Under hpux,
|     including <limits.h> includes <sys/time.h> and causes problems
|     checking for functions defined therein.  */
| #if defined (__STDC__) && !defined (_HPUX_SOURCE)
| # include <limits.h>
| #else
| # include <assert.h>
| #endif
| /* Override any gcc2 internal prototype to avoid an error.  */
| #ifdef __cplusplus
| extern "C"
| {
| #endif
| /* We use char because int might match the return type of a gcc2
|    builtin and then its argument prototype would still apply.  */
| char table ();
| /* The GNU C library defines this for functions which it implements
|     to always fail with ENOSYS.  Some functions are actually named
|     something starting with __ and the normal name is an alias.  */
| #if defined (__stub_table) || defined (__stub___table)
| choke me
| #else
| char (*f) () = table;
| #endif
| #ifdef __cplusplus
| }
| #endif
| 
| int
| main ()
| {
| return f != table;
|   ;
|   return 0;
| }
configure:7513: result: no
configure:7426: checking for sysctl
configure:7482: gcc -o conftest -g -O2   conftest.c  >&5
configure:7488: $? = 0
configure:7492: test -z 
			 || test ! -s conftest.err
configure:7495: $? = 0
configure:7498: test -s conftest
configure:7501: $? = 0
configure:7513: result: yes
configure:7426: checking for wait3
configure:7482: gcc -o conftest -g -O2   conftest.c  >&5
configure:7488: $? = 0
configure:7492: test -z 
			 || test ! -s conftest.err
configure:7495: $? = 0
configure:7498: test -s conftest
configure:7501: $? = 0
configure:7513: result: yes
configure:7426: checking for wait4
configure:7482: gcc -o conftest -g -O2   conftest.c  >&5
configure:7488: $? = 0
configure:7492: test -z 
			 || test ! -s conftest.err
configure:7495: $? = 0
configure:7498: test -s conftest
configure:7501: $? = 0
configure:7513: result: yes
configure:7426: checking for __fsetlocking
configure:7482: gcc -o conftest -g -O2   conftest.c  >&5
Undefined symbols for architecture x86_64:
  "___fsetlocking", referenced from:
      _main in conftest-d16aac.o
      _f in conftest-d16aac.o
ld: symbol(s) not found for architecture x86_64
clang: error: linker command failed with exit code 1 (use -v to see invocation)
configure:7488: $? = 1
configure: failed program was:
| /* confdefs.h.  */
| 
| #define PACKAGE_NAME ""
| #define PACKAGE_TARNAME ""
| #define PACKAGE_VERSION ""
| #define PACKAGE_STRING ""
| #define PACKAGE_BUGREPORT ""
| #define HAVE_SYS_FILE_H 1
| #define HAVE_SYS_PARAM_H 1
| #define HAVE_LIMITS_H 1
| #define HAVE_STDLIB_H 1
| #define HAVE_STRING_H 1
| #define HAVE_UNISTD_H 1
| #define HAVE_STRINGS_H 1
| #define HAVE_SYS_TIME_H 1
| #define HAVE_TIME_H 1
| #define HAVE_SYS_RESOURCE_H 1
| #define HAVE_SYS_STAT_H 1
| #define HAVE_SYS_MMAN_H 1
| #define HAVE_FCNTL_H 1
| #define HAVE_ALLOCA_H 1
| #define HAVE_SYS_SYSCTL_H 1
| #define HAVE_STDINT_H 1
| #define HAVE_SYS_WAIT_H 1
| #define TIME_WITH_SYS_TIME 1
| #define STDC_HEADERS 1
| #define HAVE_SYS_TYPES_H 1
| #define HAVE_SYS_STAT_H 1
| #define HAVE_STDLIB_H 1
| #define HAVE_STRING_H 1
| #define HAVE_MEMORY_H 1
| #define HAVE_STRINGS_H 1
| #define HAVE_INTTYPES_H 1
| #define HAVE_STDINT_H 1
| #define HAVE_UNISTD_H 1
| #define SIZEOF_INT 4
| #define UNSIGNED_64BIT_TYPE uint64_t
| #define HAVE_UINTPTR_T 1
| #define HAVE_ASPRINTF 1
| #define HAVE_ATEXIT 1
| #define HAVE_BASENAME 1
| #define HAVE_BCMP 1
| #define HAVE_BCOPY 1
| #define HAVE_BSEARCH 1
| #define HAVE_BZERO 1
| #define HAVE_CALLOC 1
| #define HAVE_CLOCK 1
| #define HAVE_FFS 1
| #define HAVE_GETCWD 1
| #define HAVE_GETPAGESIZE 1
| #define HAVE_GETTIMEOFDAY 1
| #define HAVE_INDEX 1
| #define HAVE_INSQUE 1
| #define HAVE_MEMCHR 1
| #define HAVE_MEMCMP 1
| #define HAVE_MEMCPY 1
| #define HAVE_MEMMOVE 1
| #define HAVE_MEMSET 1
| #define HAVE_MKSTEMPS 1
| #define HAVE_PUTENV 1
| #define HAVE_RANDOM 1
| #define HAVE_RENAME 1
| #define HAVE_RINDEX 1
| #define HAVE_SETENV 1
| #define HAVE_SNPRINTF 1
| #define HAVE_SIGSETMASK 1
| #define HAVE_STPCPY 1
| #define HAVE_STPNCPY 1
| #define HAVE_STRCASECMP 1
| #define HAVE_STRCHR 1
| #define HAVE_STRDUP 1
| #define HAVE_STRNCASECMP 1
| #define HAVE_STRNDUP 1
| #define HAVE_STRRCHR 1
| #define HAVE_STRSTR 1
| #define HAVE_STRTOD 1
| #define HAVE_STRTOL 1
| #define HAVE_STRTOUL 1
| #define HAVE_TMPNAM 1
| #define HAVE_VASPRINTF 1
| #define HAVE_VFPRINTF 1
| #define HAVE_VPRINTF 1
| #define HAVE_VSNPRINTF 1
| #define HAVE_VSPRINTF 1
| #define HAVE_WAITPID 1
| #define STACK_DIRECTION -1
| #define HAVE_UNISTD_H 1
| #define HAVE_FORK 1
| #define HAVE_VFORK 1
| #define HAVE_WORKING_VFORK 1
| #define HAVE_WORKING_FORK 1
| #define HAVE_SYS_ERRLIST 1
| #define HAVE_SYS_NERR 1
| #define HAVE_SYS_SIGLIST 1
| #define HAVE_GETRUSAGE 1
| #define HAVE_PSIGNAL 1
| #define HAVE_STRERROR 1
| #define HAVE_STRSIGNAL 1
| #define HAVE_SYSCONF 1
| #define HAVE_TIMES 1
| #define HAVE_SBRK 1
| #define HAVE_GETTIMEOFDAY 1
| #define HAVE_REALPATH 1
| #define HAVE_SYSCTL 1
| #define HAVE_WAIT3 1
| #define HAVE_WAIT4 1
| /* end confdefs.h.  */
| /* System header to define __stub macros and hopefully few prototypes,
|     which can conflict with char __fsetlocking (); below.
|     Prefer <limits.h> to <assert.h> if __STDC__ is defined, since
|     <limits.h> exists even on freestanding compilers.  Under hpux,
|     including <limits.h> includes <sys/time.h> and causes problems
|     checking for functions defined therein.  */
| #if defined (__STDC__) && !defined (_HPUX_SOURCE)
| # include <limits.h>
| #else
| # include <assert.h>
| #endif
| /* Override any gcc2 internal prototype to avoid an error.  */
| #ifdef __cplusplus
| extern "C"
| {
| #endif
| /* We use char because int might match the return type of a gcc2
|    builtin and then its argument prototype would still apply.  */
| char __fsetlocking ();
| /* The GNU C library defines this for functions which it implements
|     to always fail with ENOSYS.  Some functions are actually named
|     something starting with __ and the normal name is an alias.  */
| #if defined (__stub___fsetlocking) || defined (__stub_____fsetlocking)
| choke me
| #else
| char (*f) () = __fsetlocking;
| #endif
| #ifdef __cplusplus
| }
| #endif
| 
| int
| main ()
| {
| return f != __fsetlocking;
|   ;
|   return 0;
| }
configure:7513: result: no
configure:7523: checking whether basename is declared
configure:7547: gcc -c -g -O2  conftest.c >&5
conftest.c:146:22: error: use of undeclared identifier 'basename'
  char *p = (char *) basename;
                     ^
1 error generated.
configure:7553: $? = 1
configure: failed program was:
| /* confdefs.h.  */
| 
| #define PACKAGE_NAME ""
| #define PACKAGE_TARNAME ""
| #define PACKAGE_VERSION ""
| #define PACKAGE_STRING ""
| #define PACKAGE_BUGREPORT ""
| #define HAVE_SYS_FILE_H 1
| #define HAVE_SYS_PARAM_H 1
| #define HAVE_LIMITS_H 1
| #define HAVE_STDLIB_H 1
| #define HAVE_STRING_H 1
| #define HAVE_UNISTD_H 1
| #define HAVE_STRINGS_H 1
| #define HAVE_SYS_TIME_H 1
| #define HAVE_TIME_H 1
| #define HAVE_SYS_RESOURCE_H 1
| #define HAVE_SYS_STAT_H 1
| #define HAVE_SYS_MMAN_H 1
| #define HAVE_FCNTL_H 1
| #define HAVE_ALLOCA_H 1
| #define HAVE_SYS_SYSCTL_H 1
| #define HAVE_STDINT_H 1
| #define HAVE_SYS_WAIT_H 1
| #define TIME_WITH_SYS_TIME 1
| #define STDC_HEADERS 1
| #define HAVE_SYS_TYPES_H 1
| #define HAVE_SYS_STAT_H 1
| #define HAVE_STDLIB_H 1
| #define HAVE_STRING_H 1
| #define HAVE_MEMORY_H 1
| #define HAVE_STRINGS_H 1
| #define HAVE_INTTYPES_H 1
| #define HAVE_STDINT_H 1
| #define HAVE_UNISTD_H 1
| #define SIZEOF_INT 4
| #define UNSIGNED_64BIT_TYPE uint64_t
| #define HAVE_UINTPTR_T 1
| #define HAVE_ASPRINTF 1
| #define HAVE_ATEXIT 1
| #define HAVE_BASENAME 1
| #define HAVE_BCMP 1
| #define HAVE_BCOPY 1
| #define HAVE_BSEARCH 1
| #define HAVE_BZERO 1
| #define HAVE_CALLOC 1
| #define HAVE_CLOCK 1
| #define HAVE_FFS 1
| #define HAVE_GETCWD 1
| #define HAVE_GETPAGESIZE 1
| #define HAVE_GETTIMEOFDAY 1
| #define HAVE_INDEX 1
| #define HAVE_INSQUE 1
| #define HAVE_MEMCHR 1
| #define HAVE_MEMCMP 1
| #define HAVE_MEMCPY 1
| #define HAVE_MEMMOVE 1
| #define HAVE_MEMSET 1
| #define HAVE_MKSTEMPS 1
| #define HAVE_PUTENV 1
| #define HAVE_RANDOM 1
| #define HAVE_RENAME 1
| #define HAVE_RINDEX 1
| #define HAVE_SETENV 1
| #define HAVE_SNPRINTF 1
| #define HAVE_SIGSETMASK 1
| #define HAVE_STPCPY 1
| #define HAVE_STPNCPY 1
| #define HAVE_STRCASECMP 1
| #define HAVE_STRCHR 1
| #define HAVE_STRDUP 1
| #define HAVE_STRNCASECMP 1
| #define HAVE_STRNDUP 1
| #define HAVE_STRRCHR 1
| #define HAVE_STRSTR 1
| #define HAVE_STRTOD 1
| #define HAVE_STRTOL 1
| #define HAVE_STRTOUL 1
| #define HAVE_TMPNAM 1
| #define HAVE_VASPRINTF 1
| #define HAVE_VFPRINTF 1
| #define HAVE_VPRINTF 1
| #define HAVE_VSNPRINTF 1
| #define HAVE_VSPRINTF 1
| #define HAVE_WAITPID 1
| #define STACK_DIRECTION -1
| #define HAVE_UNISTD_H 1
| #define HAVE_FORK 1
| #define HAVE_VFORK 1
| #define HAVE_WORKING_VFORK 1
| #define HAVE_WORKING_FORK 1
| #define HAVE_SYS_ERRLIST 1
| #define HAVE_SYS_NERR 1
| #define HAVE_SYS_SIGLIST 1
| #define HAVE_GETRUSAGE 1
| #define HAVE_PSIGNAL 1
| #define HAVE_STRERROR 1
| #define HAVE_STRSIGNAL 1
| #define HAVE_SYSCONF 1
| #define HAVE_TIMES 1
| #define HAVE_SBRK 1
| #define HAVE_GETTIMEOFDAY 1
| #define HAVE_REALPATH 1
| #define HAVE_SYSCTL 1
| #define HAVE_WAIT3 1
| #define HAVE_WAIT4 1
| /* end confdefs.h.  */
| #include <stdio.h>
| #if HAVE_SYS_TYPES_H
| # include <sys/types.h>
| #endif
| #if HAVE_SYS_STAT_H
| # include <sys/stat.h>
| #endif
| #if STDC_HEADERS
| # include <stdlib.h>
| # include <stddef.h>
| #else
| # if HAVE_STDLIB_H
| #  include <stdlib.h>
| # endif
| #endif
| #if HAVE_STRING_H
| # if !STDC_HEADERS && HAVE_MEMORY_H
| #  include <memory.h>
| # endif
| # include <string.h>
| #endif
| #if HAVE_STRINGS_H
| # include <strings.h>
| #endif
| #if HAVE_INTTYPES_H
| # include <inttypes.h>
| #else
| # if HAVE_STDINT_H
| #  include <stdint.h>
| # endif
| #endif
| #if HAVE_UNISTD_H
| # include <unistd.h>
| #endif
| int
| main ()
| {
| #ifndef basename
|   char *p = (char *) basename;
| #endif
| 
|   ;
|   return 0;
| }
configure:7577: result: no
configure:7593: checking whether ffs is declared
configure:7617: gcc -c -g -O2  conftest.c >&5
configure:7623: $? = 0
configure:7627: test -z 
			 || test ! -s conftest.err
configure:7630: $? = 0
configure:7633: test -s conftest.o
configure:7636: $? = 0
configure:7647: result: yes
configure:7663: checking whether asprintf is declared
configure:7687: gcc -c -g -O2  conftest.c >&5
configure:7693: $? = 0
configure:7697: test -z 
			 || test ! -s conftest.err
configure:7700: $? = 0
configure:7703: test -s conftest.o
configure:7706: $? = 0
configure:7717: result: yes
configure:7733: checking whether vasprintf is declared
configure:7757: gcc -c -g -O2  conftest.c >&5
configure:7763: $? = 0
configure:7767: test -z 
			 || test ! -s conftest.err
configure:7770: $? = 0
configure:7773: test -s conftest.o
configure:7776: $? = 0
configure:7787: result: yes
configure:7803: checking whether snprintf is declared
configure:7827: gcc -c -g -O2  conftest.c >&5
configure:7833: $? = 0
configure:7837: test -z 
			 || test ! -s conftest.err
configure:7840: $? = 0
configure:7843: test -s conftest.o
configure:7846: $? = 0
configure:7857: result: yes
configure:7873: checking whether vsnprintf is declared
configure:7897: gcc -c -g -O2  conftest.c >&5
configure:7903: $? = 0
configure:7907: test -z 
			 || test ! -s conftest.err
configure:7910: $? = 0
configure:7913: test -s conftest.o
configure:7916: $? = 0
configure:7927: result: yes
configure:7945: checking whether calloc is declared
configure:7969: gcc -c -g -O2  conftest.c >&5
configure:7975: $? = 0
configure:7979: test -z 
			 || test ! -s conftest.err
configure:7982: $? = 0
configure:7985: test -s conftest.o
configure:7988: $? = 0
configure:7999: result: yes
configure:8015: checking whether getenv is declared
configure:8039: gcc -c -g -O2  conftest.c >&5
configure:8045: $? = 0
configure:8049: test -z 
			 || test ! -s conftest.err
configure:8052: $? = 0
configure:8055: test -s conftest.o
configure:8058: $? = 0
configure:8069: result: yes
configure:8085: checking whether getopt is declared
configure:8109: gcc -c -g -O2  conftest.c >&5
configure:8115: $? = 0
configure:8119: test -z 
			 || test ! -s conftest.err
configure:8122: $? = 0
configure:8125: test -s conftest.o
configure:8128: $? = 0
configure:8139: result: yes
configure:8155: checking whether malloc is declared
configure:8179: gcc -c -g -O2  conftest.c >&5
configure:8185: $? = 0
configure:8189: test -z 
			 || test ! -s conftest.err
configure:8192: $? = 0
configure:8195: test -s conftest.o
configure:8198: $? = 0
configure:8209: result: yes
configure:8225: checking whether realloc is declared
configure:8249: gcc -c -g -O2  conftest.c >&5
configure:8255: $? = 0
configure:8259: test -z 
			 || test ! -s conftest.err
configure:8262: $? = 0
configure:8265: test -s conftest.o
configure:8268: $? = 0
configure:8279: result: yes
configure:8295: checking whether sbrk is declared
configure:8319: gcc -c -g -O2  conftest.c >&5
conftest.c:157:22: warning: 'sbrk' is deprecated [-Wdeprecated-declarations]
  char *p = (char *) sbrk;
                     ^
/Library/Developer/CommandLineTools/SDKs/MacOSX.sdk/usr/include/unistd.h:582:1: note: 'sbrk' has been explicitly marked deprecated here
__deprecated __WATCHOS_PROHIBITED __TVOS_PROHIBITED
^
/Library/Developer/CommandLineTools/SDKs/MacOSX.sdk/usr/include/sys/cdefs.h:187:40: note: expanded from macro '__deprecated'
#define __deprecated    __attribute__((__deprecated__))
                                       ^
1 warning generated.
configure:8325: $? = 0
configure:8329: test -z 
			 || test ! -s conftest.err
configure:8332: $? = 0
configure:8335: test -s conftest.o
configure:8338: $? = 0
configure:8349: result: yes
configure:8367: checking whether strverscmp is declared
configure:8391: gcc -c -g -O2  conftest.c >&5
conftest.c:158:22: error: use of undeclared identifier 'strverscmp'
  char *p = (char *) strverscmp;
                     ^
1 error generated.
configure:8397: $? = 1
configure: failed program was:
| /* confdefs.h.  */
| 
| #define PACKAGE_NAME ""
| #define PACKAGE_TARNAME ""
| #define PACKAGE_VERSION ""
| #define PACKAGE_STRING ""
| #define PACKAGE_BUGREPORT ""
| #define HAVE_SYS_FILE_H 1
| #define HAVE_SYS_PARAM_H 1
| #define HAVE_LIMITS_H 1
| #define HAVE_STDLIB_H 1
| #define HAVE_STRING_H 1
| #define HAVE_UNISTD_H 1
| #define HAVE_STRINGS_H 1
| #define HAVE_SYS_TIME_H 1
| #define HAVE_TIME_H 1
| #define HAVE_SYS_RESOURCE_H 1
| #define HAVE_SYS_STAT_H 1
| #define HAVE_SYS_MMAN_H 1
| #define HAVE_FCNTL_H 1
| #define HAVE_ALLOCA_H 1
| #define HAVE_SYS_SYSCTL_H 1
| #define HAVE_STDINT_H 1
| #define HAVE_SYS_WAIT_H 1
| #define TIME_WITH_SYS_TIME 1
| #define STDC_HEADERS 1
| #define HAVE_SYS_TYPES_H 1
| #define HAVE_SYS_STAT_H 1
| #define HAVE_STDLIB_H 1
| #define HAVE_STRING_H 1
| #define HAVE_MEMORY_H 1
| #define HAVE_STRINGS_H 1
| #define HAVE_INTTYPES_H 1
| #define HAVE_STDINT_H 1
| #define HAVE_UNISTD_H 1
| #define SIZEOF_INT 4
| #define UNSIGNED_64BIT_TYPE uint64_t
| #define HAVE_UINTPTR_T 1
| #define HAVE_ASPRINTF 1
| #define HAVE_ATEXIT 1
| #define HAVE_BASENAME 1
| #define HAVE_BCMP 1
| #define HAVE_BCOPY 1
| #define HAVE_BSEARCH 1
| #define HAVE_BZERO 1
| #define HAVE_CALLOC 1
| #define HAVE_CLOCK 1
| #define HAVE_FFS 1
| #define HAVE_GETCWD 1
| #define HAVE_GETPAGESIZE 1
| #define HAVE_GETTIMEOFDAY 1
| #define HAVE_INDEX 1
| #define HAVE_INSQUE 1
| #define HAVE_MEMCHR 1
| #define HAVE_MEMCMP 1
| #define HAVE_MEMCPY 1
| #define HAVE_MEMMOVE 1
| #define HAVE_MEMSET 1
| #define HAVE_MKSTEMPS 1
| #define HAVE_PUTENV 1
| #define HAVE_RANDOM 1
| #define HAVE_RENAME 1
| #define HAVE_RINDEX 1
| #define HAVE_SETENV 1
| #define HAVE_SNPRINTF 1
| #define HAVE_SIGSETMASK 1
| #define HAVE_STPCPY 1
| #define HAVE_STPNCPY 1
| #define HAVE_STRCASECMP 1
| #define HAVE_STRCHR 1
| #define HAVE_STRDUP 1
| #define HAVE_STRNCASECMP 1
| #define HAVE_STRNDUP 1
| #define HAVE_STRRCHR 1
| #define HAVE_STRSTR 1
| #define HAVE_STRTOD 1
| #define HAVE_STRTOL 1
| #define HAVE_STRTOUL 1
| #define HAVE_TMPNAM 1
| #define HAVE_VASPRINTF 1
| #define HAVE_VFPRINTF 1
| #define HAVE_VPRINTF 1
| #define HAVE_VSNPRINTF 1
| #define HAVE_VSPRINTF 1
| #define HAVE_WAITPID 1
| #define STACK_DIRECTION -1
| #define HAVE_UNISTD_H 1
| #define HAVE_FORK 1
| #define HAVE_VFORK 1
| #define HAVE_WORKING_VFORK 1
| #define HAVE_WORKING_FORK 1
| #define HAVE_SYS_ERRLIST 1
| #define HAVE_SYS_NERR 1
| #define HAVE_SYS_SIGLIST 1
| #define HAVE_GETRUSAGE 1
| #define HAVE_PSIGNAL 1
| #define HAVE_STRERROR 1
| #define HAVE_STRSIGNAL 1
| #define HAVE_SYSCONF 1
| #define HAVE_TIMES 1
| #define HAVE_SBRK 1
| #define HAVE_GETTIMEOFDAY 1
| #define HAVE_REALPATH 1
| #define HAVE_SYSCTL 1
| #define HAVE_WAIT3 1
| #define HAVE_WAIT4 1
| #define HAVE_DECL_BASENAME 0
| #define HAVE_DECL_FFS 1
| #define HAVE_DECL_ASPRINTF 1
| #define HAVE_DECL_VASPRINTF 1
| #define HAVE_DECL_SNPRINTF 1
| #define HAVE_DECL_VSNPRINTF 1
| #define HAVE_DECL_CALLOC 1
| #define HAVE_DECL_GETENV 1
| #define HAVE_DECL_GETOPT 1
| #define HAVE_DECL_MALLOC 1
| #define HAVE_DECL_REALLOC 1
| #define HAVE_DECL_SBRK 1
| /* end confdefs.h.  */
| #include <stdio.h>
| #if HAVE_SYS_TYPES_H
| # include <sys/types.h>
| #endif
| #if HAVE_SYS_STAT_H
| # include <sys/stat.h>
| #endif
| #if STDC_HEADERS
| # include <stdlib.h>
| # include <stddef.h>
| #else
| # if HAVE_STDLIB_H
| #  include <stdlib.h>
| # endif
| #endif
| #if HAVE_STRING_H
| # if !STDC_HEADERS && HAVE_MEMORY_H
| #  include <memory.h>
| # endif
| # include <string.h>
| #endif
| #if HAVE_STRINGS_H
| # include <strings.h>
| #endif
| #if HAVE_INTTYPES_H
| # include <inttypes.h>
| #else
| # if HAVE_STDINT_H
| #  include <stdint.h>
| # endif
| #endif
| #if HAVE_UNISTD_H
| # include <unistd.h>
| #endif
| int
| main ()
| {
| #ifndef strverscmp
|   char *p = (char *) strverscmp;
| #endif
| 
|   ;
|   return 0;
| }
configure:8421: result: no
configure:8439: checking whether canonicalize_file_name must be declared
configure:8475: gcc -c -g -O2  conftest.c >&5
conftest.c:140:28: error: use of undeclared identifier 'canonicalize_file_name'
char *(*pfn) = (char *(*)) canonicalize_file_name
                           ^
1 error generated.
configure:8481: $? = 1
configure: failed program was:
| /* confdefs.h.  */
| 
| #define PACKAGE_NAME ""
| #define PACKAGE_TARNAME ""
| #define PACKAGE_VERSION ""
| #define PACKAGE_STRING ""
| #define PACKAGE_BUGREPORT ""
| #define HAVE_SYS_FILE_H 1
| #define HAVE_SYS_PARAM_H 1
| #define HAVE_LIMITS_H 1
| #define HAVE_STDLIB_H 1
| #define HAVE_STRING_H 1
| #define HAVE_UNISTD_H 1
| #define HAVE_STRINGS_H 1
| #define HAVE_SYS_TIME_H 1
| #define HAVE_TIME_H 1
| #define HAVE_SYS_RESOURCE_H 1
| #define HAVE_SYS_STAT_H 1
| #define HAVE_SYS_MMAN_H 1
| #define HAVE_FCNTL_H 1
| #define HAVE_ALLOCA_H 1
| #define HAVE_SYS_SYSCTL_H 1
| #define HAVE_STDINT_H 1
| #define HAVE_SYS_WAIT_H 1
| #define TIME_WITH_SYS_TIME 1
| #define STDC_HEADERS 1
| #define HAVE_SYS_TYPES_H 1
| #define HAVE_SYS_STAT_H 1
| #define HAVE_STDLIB_H 1
| #define HAVE_STRING_H 1
| #define HAVE_MEMORY_H 1
| #define HAVE_STRINGS_H 1
| #define HAVE_INTTYPES_H 1
| #define HAVE_STDINT_H 1
| #define HAVE_UNISTD_H 1
| #define SIZEOF_INT 4
| #define UNSIGNED_64BIT_TYPE uint64_t
| #define HAVE_UINTPTR_T 1
| #define HAVE_ASPRINTF 1
| #define HAVE_ATEXIT 1
| #define HAVE_BASENAME 1
| #define HAVE_BCMP 1
| #define HAVE_BCOPY 1
| #define HAVE_BSEARCH 1
| #define HAVE_BZERO 1
| #define HAVE_CALLOC 1
| #define HAVE_CLOCK 1
| #define HAVE_FFS 1
| #define HAVE_GETCWD 1
| #define HAVE_GETPAGESIZE 1
| #define HAVE_GETTIMEOFDAY 1
| #define HAVE_INDEX 1
| #define HAVE_INSQUE 1
| #define HAVE_MEMCHR 1
| #define HAVE_MEMCMP 1
| #define HAVE_MEMCPY 1
| #define HAVE_MEMMOVE 1
| #define HAVE_MEMSET 1
| #define HAVE_MKSTEMPS 1
| #define HAVE_PUTENV 1
| #define HAVE_RANDOM 1
| #define HAVE_RENAME 1
| #define HAVE_RINDEX 1
| #define HAVE_SETENV 1
| #define HAVE_SNPRINTF 1
| #define HAVE_SIGSETMASK 1
| #define HAVE_STPCPY 1
| #define HAVE_STPNCPY 1
| #define HAVE_STRCASECMP 1
| #define HAVE_STRCHR 1
| #define HAVE_STRDUP 1
| #define HAVE_STRNCASECMP 1
| #define HAVE_STRNDUP 1
| #define HAVE_STRRCHR 1
| #define HAVE_STRSTR 1
| #define HAVE_STRTOD 1
| #define HAVE_STRTOL 1
| #define HAVE_STRTOUL 1
| #define HAVE_TMPNAM 1
| #define HAVE_VASPRINTF 1
| #define HAVE_VFPRINTF 1
| #define HAVE_VPRINTF 1
| #define HAVE_VSNPRINTF 1
| #define HAVE_VSPRINTF 1
| #define HAVE_WAITPID 1
| #define STACK_DIRECTION -1
| #define HAVE_UNISTD_H 1
| #define HAVE_FORK 1
| #define HAVE_VFORK 1
| #define HAVE_WORKING_VFORK 1
| #define HAVE_WORKING_FORK 1
| #define HAVE_SYS_ERRLIST 1
| #define HAVE_SYS_NERR 1
| #define HAVE_SYS_SIGLIST 1
| #define HAVE_GETRUSAGE 1
| #define HAVE_PSIGNAL 1
| #define HAVE_STRERROR 1
| #define HAVE_STRSIGNAL 1
| #define HAVE_SYSCONF 1
| #define HAVE_TIMES 1
| #define HAVE_SBRK 1
| #define HAVE_GETTIMEOFDAY 1
| #define HAVE_REALPATH 1
| #define HAVE_SYSCTL 1
| #define HAVE_WAIT3 1
| #define HAVE_WAIT4 1
| #define HAVE_DECL_BASENAME 0
| #define HAVE_DECL_FFS 1
| #define HAVE_DECL_ASPRINTF 1
| #define HAVE_DECL_VASPRINTF 1
| #define HAVE_DECL_SNPRINTF 1
| #define HAVE_DECL_VSNPRINTF 1
| #define HAVE_DECL_CALLOC 1
| #define HAVE_DECL_GETENV 1
| #define HAVE_DECL_GETOPT 1
| #define HAVE_DECL_MALLOC 1
| #define HAVE_DECL_REALLOC 1
| #define HAVE_DECL_SBRK 1
| #define HAVE_DECL_STRVERSCMP 0
| /* end confdefs.h.  */
| 
| #include "confdefs.h"
| #include <stdio.h>
| #ifdef HAVE_STRING_H
| #include <string.h>
| #else
| #ifdef HAVE_STRINGS_H
| #include <strings.h>
| #endif
| #endif
| #ifdef HAVE_STDLIB_H
| #include <stdlib.h>
| #endif
| #ifdef HAVE_UNISTD_H
| #include <unistd.h>
| #endif
| int
| main ()
| {
| char *(*pfn) = (char *(*)) canonicalize_file_name
|   ;
|   return 0;
| }
configure:8506: result: yes
configure:8538: checking for stdlib.h
configure:8578: result: yes
configure:8538: checking for unistd.h
configure:8578: result: yes
configure:8592: checking for getpagesize
configure:8679: result: yes
configure:8689: checking for working mmap
configure:8831: gcc -o conftest -g -O2   conftest.c  >&5
configure:8834: $? = 0
configure:8836: ./conftest
configure:8839: $? = 0
configure:8853: result: yes
configure:8866: checking for working strncmp
configure:8943: gcc -o conftest -g -O2   conftest.c  >&5
conftest.c:156:1: warning: type specifier missing, defaults to 'int' [-Wimplicit-int]
main ()
^
conftest.c:164:5: warning: implicitly declaring library function 'exit' with type 'void (int) __attribute__((noreturn))' [-Wimplicit-function-declaration]
    exit (1);
    ^
conftest.c:164:5: note: include the header <stdlib.h> or explicitly provide a declaration for 'exit'
conftest.c:176:40: warning: implicitly declaring library function 'strlen' with type 'unsigned long (const char *)' [-Wimplicit-function-declaration]
      char *q = (char *) p + MAP_LEN - strlen (string) - 2;
                                       ^
conftest.c:176:40: note: include the header <string.h> or explicitly provide a declaration for 'strlen'
conftest.c:179:7: warning: implicitly declaring library function 'strcpy' with type 'char *(char *, const char *)' [-Wimplicit-function-declaration]
      strcpy (q, string);
      ^
conftest.c:179:7: note: include the header <string.h> or explicitly provide a declaration for 'strcpy'
conftest.c:181:7: warning: implicitly declaring library function 'strncmp' with type 'int (const char *, const char *, unsigned long)' [-Wimplicit-function-declaration]
      strncmp (r, q, 14);
      ^
conftest.c:181:7: note: include the header <string.h> or explicitly provide a declaration for 'strncmp'
5 warnings generated.
configure:8946: $? = 0
configure:8948: ./conftest
configure:8951: $? = 0
configure:8966: result: yes
configure:9103: creating ./config.status

## ---------------------- ##
## Running config.status. ##
## ---------------------- ##

This file was extended by config.status, which was
generated by GNU Autoconf 2.59.  Invocation command line was

  CONFIG_FILES    = 
  CONFIG_HEADERS  = 
  CONFIG_LINKS    = 
  CONFIG_COMMANDS = 
  $ ./config.status 

on mostafas-air-4

config.status:702: creating Makefile
config.status:702: creating testsuite/Makefile
config.status:799: creating config.h
config.status:1327: executing default commands

## ---------------- ##
## Cache variables. ##
## ---------------- ##

ac_cv_build=i386-apple-darwin19.6.0
ac_cv_build_alias=i386-apple-darwin19.6.0
ac_cv_c_bigendian=no
ac_cv_c_compiler_gnu=yes
ac_cv_c_const=yes
ac_cv_c_inline=inline
ac_cv_c_stack_direction=-1
ac_cv_env_CC_set=set
ac_cv_env_CC_value=gcc
ac_cv_env_CFLAGS_set=set
ac_cv_env_CFLAGS_value='-g -O2'
ac_cv_env_CPPFLAGS_set=
ac_cv_env_CPPFLAGS_value=
ac_cv_env_CPP_set=
ac_cv_env_CPP_value=
ac_cv_env_LDFLAGS_set=set
ac_cv_env_LDFLAGS_value=
ac_cv_env_build_alias_set=set
ac_cv_env_build_alias_value=i386-apple-darwin19.6.0
ac_cv_env_host_alias_set=set
ac_cv_env_host_alias_value=i386-apple-darwin19.6.0
ac_cv_env_target_alias_set=set
ac_cv_env_target_alias_value=i386-elf
ac_cv_exeext=
ac_cv_func___fsetlocking=no
ac_cv_func__doprnt=no
ac_cv_func_asprintf=yes
ac_cv_func_atexit=yes
ac_cv_func_basename=yes
ac_cv_func_bcmp=yes
ac_cv_func_bcopy=yes
ac_cv_func_bsearch=yes
ac_cv_func_bzero=yes
ac_cv_func_calloc=yes
ac_cv_func_canonicalize_file_name=no
ac_cv_func_clock=yes
ac_cv_func_ffs=yes
ac_cv_func_fork=yes
ac_cv_func_fork_works=yes
ac_cv_func_getcwd=yes
ac_cv_func_getpagesize=yes
ac_cv_func_getrusage=yes
ac_cv_func_getsysinfo=no
ac_cv_func_gettimeofday=yes
ac_cv_func_index=yes
ac_cv_func_insque=yes
ac_cv_func_memchr=yes
ac_cv_func_memcmp=yes
ac_cv_func_memcpy=yes
ac_cv_func_memmove=yes
ac_cv_func_mempcpy=no
ac_cv_func_memset=yes
ac_cv_func_mkstemps=yes
ac_cv_func_mmap_fixed_mapped=yes
ac_cv_func_on_exit=no
ac_cv_func_psignal=yes
ac_cv_func_pstat_getdynamic=no
ac_cv_func_pstat_getstatic=no
ac_cv_func_putenv=yes
ac_cv_func_random=yes
ac_cv_func_realpath=yes
ac_cv_func_rename=yes
ac_cv_func_rindex=yes
ac_cv_func_sbrk=yes
ac_cv_func_setenv=yes
ac_cv_func_sigsetmask=yes
ac_cv_func_snprintf=yes
ac_cv_func_stpcpy=yes
ac_cv_func_stpncpy=yes
ac_cv_func_strcasecmp=yes
ac_cv_func_strchr=yes
ac_cv_func_strdup=yes
ac_cv_func_strerror=yes
ac_cv_func_strncasecmp=yes
ac_cv_func_strncmp_works=yes
ac_cv_func_strndup=yes
ac_cv_func_strrchr=yes
ac_cv_func_strsignal=yes
ac_cv_func_strstr=yes
ac_cv_func_strtod=yes
ac_cv_func_strtol=yes
ac_cv_func_strtoul=yes
ac_cv_func_strverscmp=no
ac_cv_func_sysconf=yes
ac_cv_func_sysctl=yes
ac_cv_func_sysmp=no
ac_cv_func_table=no
ac_cv_func_times=yes
ac_cv_func_tmpnam=yes
ac_cv_func_vasprintf=yes
ac_cv_func_vfork=yes
ac_cv_func_vfork_works=yes
ac_cv_func_vfprintf=yes
ac_cv_func_vprintf=yes
ac_cv_func_vsnprintf=yes
ac_cv_func_vsprintf=yes
ac_cv_func_wait3=yes
ac_cv_func_wait4=yes
ac_cv_func_waitpid=yes
ac_cv_have_decl_asprintf=yes
ac_cv_have_decl_basename=no
ac_cv_have_decl_calloc=yes
ac_cv_have_decl_ffs=yes
ac_cv_have_decl_getenv=yes
ac_cv_have_decl_getopt=yes
ac_cv_have_decl_malloc=yes
ac_cv_have_decl_realloc=yes
ac_cv_have_decl_sbrk=yes
ac_cv_have_decl_snprintf=yes
ac_cv_have_decl_strverscmp=no
ac_cv_have_decl_vasprintf=yes
ac_cv_have_decl_vsnprintf=yes
ac_cv_header_alloca_h=yes
ac_cv_header_fcntl_h=yes
ac_cv_header_inttypes_h=yes
ac_cv_header_limits_h=yes
ac_cv_header_machine_hal_sysinfo_h=no
ac_cv_header_malloc_h=no
ac_cv_header_memory_h=yes
ac_cv_header_stdc=yes
ac_cv_header_stdint_h=yes
ac_cv_header_stdio_ext_h=no
ac_cv_header_stdlib_h=yes
ac_cv_header_string_h=yes
ac_cv_header_strings_h=yes
ac_cv_header_sys_file_h=yes
ac_cv_header_sys_mman_h=yes
ac_cv_header_sys_param_h=yes
ac_cv_header_sys_pstat_h=no
ac_cv_header_sys_resource_h=yes
ac_cv_header_sys_stat_h=yes
ac_cv_header_sys_sysctl_h=yes
ac_cv_header_sys_sysinfo_h=no
ac_cv_header_sys_sysmp_h=no
ac_cv_header_sys_systemcfg_h=no
ac_cv_header_sys_table_h=no
ac_cv_header_sys_time_h=yes
ac_cv_header_sys_types_h=yes
ac_cv_header_sys_wait_h=yes
ac_cv_header_time=yes
ac_cv_header_time_h=yes
ac_cv_header_unistd_h=yes
ac_cv_header_vfork_h=no
ac_cv_host=i386-apple-darwin19.6.0
ac_cv_host_alias=i386-apple-darwin19.6.0
ac_cv_objext=o
ac_cv_os_cray=no
ac_cv_prog_AR=ar
ac_cv_prog_CC=gcc
ac_cv_prog_CPP='gcc -E'
ac_cv_prog_MAKEINFO='makeinfo --split-size=5000000'
ac_cv_prog_PERL=perl
ac_cv_prog_RANLIB=ranlib
ac_cv_prog_cc_g=yes
ac_cv_prog_cc_gcc_c_o=yes
ac_cv_prog_cc_stdc=
ac_cv_prog_egrep='grep -E'
ac_cv_search_strerror='none required'
ac_cv_sizeof_int=4
ac_cv_type_int=yes
ac_cv_type_pid_t=yes
ac_cv_type_uintptr_t=yes
acx_cv_prog_cc_pedantic_=yes
acx_cv_prog_cc_warning__W=yes
acx_cv_prog_cc_warning__Wall=yes
acx_cv_prog_cc_warning__Wcpp_compat=yes
acx_cv_prog_cc_warning__Wstrict_prototypes=yes
acx_cv_prog_cc_warning__Wwrite_strings=yes
liberty_cv_uint64=uint64_t
libiberty_cv_decl_needed_canonicalize_file_name=yes
libiberty_cv_declare_errno=no
libiberty_cv_var_sys_errlist=yes
libiberty_cv_var_sys_nerr=yes
libiberty_cv_var_sys_siglist=yes

## ----------------- ##
## Output variables. ##
## ----------------- ##

AR='ar'
BUILD_INFO='info'
CC='gcc'
CFLAGS='-g -O2'
CHECK='really-check'
CPP='gcc -E'
CPPFLAGS=''
DEFS='-DHAVE_CONFIG_H'
ECHO_C='ECHO_N=''
ECHO_T=''
EGREP='grep -E'
EXEEXT=''
HAVE_PERL=''
INSTALL_DATA='/usr/bin/install -c -m 644'
INSTALL_DEST='libdir'
INSTALL_PROGRAM='/usr/bin/install -c'
INSTALL_SCRIPT='/usr/bin/install -c'
LDFLAGS=''
LIBOBJS=' ./mempcpy$U.o ./strverscmp$U.o'
LIBS=''
LTLIBOBJS=' ./mempcpy$U.lo ./strverscmp$U.lo'
MAINT='#'
MAKEINFO='makeinfo --split-size=5000000'
NOTMAINT=''
NO_MINUS_C_MINUS_O=''
OBJEXT='o'
OUTPUT_OPTION='-o $@'
PACKAGE_BUGREPORT=''
PACKAGE_NAME=''
PACKAGE_STRING=''
PACKAGE_TARNAME=''
PACKAGE_VERSION=''
PATH_SEPARATOR=':'
PERL='perl'
RANLIB='ranlib'
SHELL='/bin/sh'
ac_ct_AR=''
ac_ct_CC=''
ac_ct_RANLIB=''
ac_libiberty_warn_cflags='-W -Wall -Wwrite-strings -Wc++-compat -Wstrict-prototypes -pedantic '
bindir='${exec_prefix}/bin'
build='i386-apple-darwin19.6.0'
build_alias='i386-apple-darwin19.6.0'
build_cpu='i386'
build_os='darwin19.6.0'
build_vendor='apple'
datadir='${prefix}/share'
datarootdir='/usr/local/share'
docdir='/usr/local/share/doc'
exec_prefix='${prefix}'
host='i386-apple-darwin19.6.0'
host_alias='i386-apple-darwin19.6.0'
host_cpu='i386'
host_os='darwin19.6.0'
host_vendor='apple'
htmldir='/usr/local/share/doc'
includedir='${prefix}/include'
infodir='${prefix}/info'
libdir='${exec_prefix}/lib'
libexecdir='${exec_prefix}/libexec'
libiberty_topdir='.././libiberty/..'
localstatedir='${prefix}/var'
mandir='${prefix}/man'
oldincludedir='/usr/include'
pexecute='./pex-unix.o'
prefix='/usr/local'
program_transform_name='s,^,i386-elf-,'
sbindir='${exec_prefix}/sbin'
sharedstatedir='${prefix}/com'
sysconfdir='${prefix}/etc'
target_alias='i386-elf'
target_header_dir=''

## ------------- ##
## Output files. ##
## ------------- ##

host_makefile_frag='xhost-mkfrag'

## ----------- ##
## confdefs.h. ##
## ----------- ##

#define HAVE_ALLOCA_H 1
#define HAVE_ASPRINTF 1
#define HAVE_ATEXIT 1
#define HAVE_BASENAME 1
#define HAVE_BCMP 1
#define HAVE_BCOPY 1
#define HAVE_BSEARCH 1
#define HAVE_BZERO 1
#define HAVE_CALLOC 1
#define HAVE_CLOCK 1
#define HAVE_DECL_ASPRINTF 1
#define HAVE_DECL_BASENAME 0
#define HAVE_DECL_CALLOC 1
#define HAVE_DECL_FFS 1
#define HAVE_DECL_GETENV 1
#define HAVE_DECL_GETOPT 1
#define HAVE_DECL_MALLOC 1
#define HAVE_DECL_REALLOC 1
#define HAVE_DECL_SBRK 1
#define HAVE_DECL_SNPRINTF 1
#define HAVE_DECL_STRVERSCMP 0
#define HAVE_DECL_VASPRINTF 1
#define HAVE_DECL_VSNPRINTF 1
#define HAVE_FCNTL_H 1
#define HAVE_FFS 1
#define HAVE_FORK 1
#define HAVE_GETCWD 1
#define HAVE_GETPAGESIZE 1
#define HAVE_GETPAGESIZE 1
#define HAVE_GETRUSAGE 1
#define HAVE_GETTIMEOFDAY 1
#define HAVE_GETTIMEOFDAY 1
#define HAVE_INDEX 1
#define HAVE_INSQUE 1
#define HAVE_INTTYPES_H 1
#define HAVE_LIMITS_H 1
#define HAVE_MEMCHR 1
#define HAVE_MEMCMP 1
#define HAVE_MEMCPY 1
#define HAVE_MEMMOVE 1
#define HAVE_MEMORY_H 1
#define HAVE_MEMSET 1
#define HAVE_MKSTEMPS 1
#define HAVE_MMAP 1
#define HAVE_PSIGNAL 1
#define HAVE_PUTENV 1
#define HAVE_RANDOM 1
#define HAVE_REALPATH 1
#define HAVE_RENAME 1
#define HAVE_RINDEX 1
#define HAVE_SBRK 1
#define HAVE_SETENV 1
#define HAVE_SIGSETMASK 1
#define HAVE_SNPRINTF 1
#define HAVE_STDINT_H 1
#define HAVE_STDINT_H 1
#define HAVE_STDLIB_H 1
#define HAVE_STDLIB_H 1
#define HAVE_STDLIB_H 1
#define HAVE_STPCPY 1
#define HAVE_STPNCPY 1
#define HAVE_STRCASECMP 1
#define HAVE_STRCHR 1
#define HAVE_STRDUP 1
#define HAVE_STRERROR 1
#define HAVE_STRINGS_H 1
#define HAVE_STRINGS_H 1
#define HAVE_STRING_H 1
#define HAVE_STRING_H 1
#define HAVE_STRNCASECMP 1
#define HAVE_STRNDUP 1
#define HAVE_STRRCHR 1
#define HAVE_STRSIGNAL 1
#define HAVE_STRSTR 1
#define HAVE_STRTOD 1
#define HAVE_STRTOL 1
#define HAVE_STRTOUL 1
#define HAVE_SYSCONF 1
#define HAVE_SYSCTL 1
#define HAVE_SYS_ERRLIST 1
#define HAVE_SYS_FILE_H 1
#define HAVE_SYS_MMAN_H 1
#define HAVE_SYS_NERR 1
#define HAVE_SYS_PARAM_H 1
#define HAVE_SYS_RESOURCE_H 1
#define HAVE_SYS_SIGLIST 1
#define HAVE_SYS_STAT_H 1
#define HAVE_SYS_STAT_H 1
#define HAVE_SYS_SYSCTL_H 1
#define HAVE_SYS_TIME_H 1
#define HAVE_SYS_TYPES_H 1
#define HAVE_SYS_WAIT_H 1
#define HAVE_TIMES 1
#define HAVE_TIME_H 1
#define HAVE_TMPNAM 1
#define HAVE_UINTPTR_T 1
#define HAVE_UNISTD_H 1
#define HAVE_UNISTD_H 1
#define HAVE_UNISTD_H 1
#define HAVE_UNISTD_H 1
#define HAVE_VASPRINTF 1
#define HAVE_VFORK 1
#define HAVE_VFPRINTF 1
#define HAVE_VPRINTF 1
#define HAVE_VSNPRINTF 1
#define HAVE_VSPRINTF 1
#define HAVE_WAIT3 1
#define HAVE_WAIT4 1
#define HAVE_WAITPID 1
#define HAVE_WORKING_FORK 1
#define HAVE_WORKING_VFORK 1
#define NEED_DECLARATION_CANONICALIZE_FILE_NAME 1
#define PACKAGE_BUGREPORT ""
#define PACKAGE_NAME ""
#define PACKAGE_STRING ""
#define PACKAGE_TARNAME ""
#define PACKAGE_VERSION ""
#define SIZEOF_INT 4
#define STACK_DIRECTION -1
#define STDC_HEADERS 1
#define TIME_WITH_SYS_TIME 1
#define UNSIGNED_64BIT_TYPE uint64_t

configure: exit 0
